2025-12-05 22:27:23 - [da6aff18-de52-476f-abad-1a8460633102] - app.utils.transaction - ERROR - 읽기 전용 작업 실패: get_users - (sqlite3.OperationalError) no such table: users
[SQL: SELECT users.email, users.username, users.hashed_password, users.is_active, users.id, users.created_at, users.updated_at 
FROM users ORDER BY users.created_at DESC
 LIMIT ? OFFSET ?]
[parameters: (20, 0)]
(Background on this error at: https://sqlalche.me/e/20/e3q8)
Traceback (most recent call last):
  File "C:\ijhwang\숨고\김나경님\knh\venv\Lib\site-packages\sqlalchemy\engine\base.py", line 1967, in _exec_single_context
    self.dialect.do_execute(
    ~~~~~~~~~~~~~~~~~~~~~~~^
        cursor, str_statement, effective_parameters, context
        ^^^^^^^^^^^^^^^^^^^^^^^^^^^^^^^^^^^^^^^^^^^^^^^^^^^^
    )
    ^
  File "C:\ijhwang\숨고\김나경님\knh\venv\Lib\site-packages\sqlalchemy\engine\default.py", line 951, in do_execute
    cursor.execute(statement, parameters)
    ~~~~~~~~~~~~~~^^^^^^^^^^^^^^^^^^^^^^^
  File "C:\ijhwang\숨고\김나경님\knh\venv\Lib\site-packages\sqlalchemy\dialects\sqlite\aiosqlite.py", line 180, in execute
    self._adapt_connection._handle_exception(error)
    ~~~~~~~~~~~~~~~~~~~~~~~~~~~~~~~~~~~~~~~~^^^^^^^
  File "C:\ijhwang\숨고\김나경님\knh\venv\Lib\site-packages\sqlalchemy\dialects\sqlite\aiosqlite.py", line 340, in _handle_exception
    raise error
  File "C:\ijhwang\숨고\김나경님\knh\venv\Lib\site-packages\sqlalchemy\dialects\sqlite\aiosqlite.py", line 162, in execute
    self.await_(_cursor.execute(operation, parameters))
    ~~~~~~~~~~~^^^^^^^^^^^^^^^^^^^^^^^^^^^^^^^^^^^^^^^^
  File "C:\ijhwang\숨고\김나경님\knh\venv\Lib\site-packages\sqlalchemy\util\_concurrency_py3k.py", line 132, in await_only
    return current.parent.switch(awaitable)  # type: ignore[no-any-return,attr-defined] # noqa: E501
           ~~~~~~~~~~~~~~~~~~~~~^^^^^^^^^^^
  File "C:\ijhwang\숨고\김나경님\knh\venv\Lib\site-packages\sqlalchemy\util\_concurrency_py3k.py", line 196, in greenlet_spawn
    value = await result
            ^^^^^^^^^^^^
  File "C:\ijhwang\숨고\김나경님\knh\venv\Lib\site-packages\aiosqlite\cursor.py", line 40, in execute
    await self._execute(self._cursor.execute, sql, parameters)
  File "C:\ijhwang\숨고\김나경님\knh\venv\Lib\site-packages\aiosqlite\cursor.py", line 32, in _execute
    return await self._conn._execute(fn, *args, **kwargs)
           ^^^^^^^^^^^^^^^^^^^^^^^^^^^^^^^^^^^^^^^^^^^^^^
  File "C:\ijhwang\숨고\김나경님\knh\venv\Lib\site-packages\aiosqlite\core.py", line 122, in _execute
    return await future
           ^^^^^^^^^^^^
  File "C:\ijhwang\숨고\김나경님\knh\venv\Lib\site-packages\aiosqlite\core.py", line 105, in run
    result = function()
sqlite3.OperationalError: no such table: users

The above exception was the direct cause of the following exception:

Traceback (most recent call last):
  File "C:\ijhwang\숨고\김나경님\knh\app\utils\transaction.py", line 68, in wrapper
    return await func(*args, **kwargs)
           ^^^^^^^^^^^^^^^^^^^^^^^^^^^
  File "C:\ijhwang\숨고\김나경님\knh\app\domains\users\services\user_service.py", line 67, in get_users
    users = await self.repository.get_list(db, skip, limit, is_active)
            ^^^^^^^^^^^^^^^^^^^^^^^^^^^^^^^^^^^^^^^^^^^^^^^^^^^^^^^^^^
  File "C:\ijhwang\숨고\김나경님\knh\app\domains\users\repositories\user_repository.py", line 59, in get_list
    result = await db.execute(query)
             ^^^^^^^^^^^^^^^^^^^^^^^
  File "C:\ijhwang\숨고\김나경님\knh\venv\Lib\site-packages\sqlalchemy\ext\asyncio\session.py", line 449, in execute
    result = await greenlet_spawn(
             ^^^^^^^^^^^^^^^^^^^^^
    ...<6 lines>...
    )
    ^
  File "C:\ijhwang\숨고\김나경님\knh\venv\Lib\site-packages\sqlalchemy\util\_concurrency_py3k.py", line 201, in greenlet_spawn
    result = context.throw(*sys.exc_info())
  File "C:\ijhwang\숨고\김나경님\knh\venv\Lib\site-packages\sqlalchemy\orm\session.py", line 2351, in execute
    return self._execute_internal(
           ~~~~~~~~~~~~~~~~~~~~~~^
        statement,
        ^^^^^^^^^^
    ...<4 lines>...
        _add_event=_add_event,
        ^^^^^^^^^^^^^^^^^^^^^^
    )
    ^
  File "C:\ijhwang\숨고\김나경님\knh\venv\Lib\site-packages\sqlalchemy\orm\session.py", line 2249, in _execute_internal
    result: Result[Any] = compile_state_cls.orm_execute_statement(
                          ~~~~~~~~~~~~~~~~~~~~~~~~~~~~~~~~~~~~~~~^
        self,
        ^^^^^
    ...<4 lines>...
        conn,
        ^^^^^
    )
    ^
  File "C:\ijhwang\숨고\김나경님\knh\venv\Lib\site-packages\sqlalchemy\orm\context.py", line 306, in orm_execute_statement
    result = conn.execute(
        statement, params or {}, execution_options=execution_options
    )
  File "C:\ijhwang\숨고\김나경님\knh\venv\Lib\site-packages\sqlalchemy\engine\base.py", line 1419, in execute
    return meth(
        self,
        distilled_parameters,
        execution_options or NO_OPTIONS,
    )
  File "C:\ijhwang\숨고\김나경님\knh\venv\Lib\site-packages\sqlalchemy\sql\elements.py", line 526, in _execute_on_connection
    return connection._execute_clauseelement(
           ~~~~~~~~~~~~~~~~~~~~~~~~~~~~~~~~~^
        self, distilled_params, execution_options
        ^^^^^^^^^^^^^^^^^^^^^^^^^^^^^^^^^^^^^^^^^
    )
    ^
  File "C:\ijhwang\숨고\김나경님\knh\venv\Lib\site-packages\sqlalchemy\engine\base.py", line 1641, in _execute_clauseelement
    ret = self._execute_context(
        dialect,
    ...<8 lines>...
        cache_hit=cache_hit,
    )
  File "C:\ijhwang\숨고\김나경님\knh\venv\Lib\site-packages\sqlalchemy\engine\base.py", line 1846, in _execute_context
    return self._exec_single_context(
           ~~~~~~~~~~~~~~~~~~~~~~~~~^
        dialect, context, statement, parameters
        ^^^^^^^^^^^^^^^^^^^^^^^^^^^^^^^^^^^^^^^
    )
    ^
  File "C:\ijhwang\숨고\김나경님\knh\venv\Lib\site-packages\sqlalchemy\engine\base.py", line 1986, in _exec_single_context
    self._handle_dbapi_exception(
    ~~~~~~~~~~~~~~~~~~~~~~~~~~~~^
        e, str_statement, effective_parameters, cursor, context
        ^^^^^^^^^^^^^^^^^^^^^^^^^^^^^^^^^^^^^^^^^^^^^^^^^^^^^^^
    )
    ^
  File "C:\ijhwang\숨고\김나경님\knh\venv\Lib\site-packages\sqlalchemy\engine\base.py", line 2355, in _handle_dbapi_exception
    raise sqlalchemy_exception.with_traceback(exc_info[2]) from e
  File "C:\ijhwang\숨고\김나경님\knh\venv\Lib\site-packages\sqlalchemy\engine\base.py", line 1967, in _exec_single_context
    self.dialect.do_execute(
    ~~~~~~~~~~~~~~~~~~~~~~~^
        cursor, str_statement, effective_parameters, context
        ^^^^^^^^^^^^^^^^^^^^^^^^^^^^^^^^^^^^^^^^^^^^^^^^^^^^
    )
    ^
  File "C:\ijhwang\숨고\김나경님\knh\venv\Lib\site-packages\sqlalchemy\engine\default.py", line 951, in do_execute
    cursor.execute(statement, parameters)
    ~~~~~~~~~~~~~~^^^^^^^^^^^^^^^^^^^^^^^
  File "C:\ijhwang\숨고\김나경님\knh\venv\Lib\site-packages\sqlalchemy\dialects\sqlite\aiosqlite.py", line 180, in execute
    self._adapt_connection._handle_exception(error)
    ~~~~~~~~~~~~~~~~~~~~~~~~~~~~~~~~~~~~~~~~^^^^^^^
  File "C:\ijhwang\숨고\김나경님\knh\venv\Lib\site-packages\sqlalchemy\dialects\sqlite\aiosqlite.py", line 340, in _handle_exception
    raise error
  File "C:\ijhwang\숨고\김나경님\knh\venv\Lib\site-packages\sqlalchemy\dialects\sqlite\aiosqlite.py", line 162, in execute
    self.await_(_cursor.execute(operation, parameters))
    ~~~~~~~~~~~^^^^^^^^^^^^^^^^^^^^^^^^^^^^^^^^^^^^^^^^
  File "C:\ijhwang\숨고\김나경님\knh\venv\Lib\site-packages\sqlalchemy\util\_concurrency_py3k.py", line 132, in await_only
    return current.parent.switch(awaitable)  # type: ignore[no-any-return,attr-defined] # noqa: E501
           ~~~~~~~~~~~~~~~~~~~~~^^^^^^^^^^^
  File "C:\ijhwang\숨고\김나경님\knh\venv\Lib\site-packages\sqlalchemy\util\_concurrency_py3k.py", line 196, in greenlet_spawn
    value = await result
            ^^^^^^^^^^^^
  File "C:\ijhwang\숨고\김나경님\knh\venv\Lib\site-packages\aiosqlite\cursor.py", line 40, in execute
    await self._execute(self._cursor.execute, sql, parameters)
  File "C:\ijhwang\숨고\김나경님\knh\venv\Lib\site-packages\aiosqlite\cursor.py", line 32, in _execute
    return await self._conn._execute(fn, *args, **kwargs)
           ^^^^^^^^^^^^^^^^^^^^^^^^^^^^^^^^^^^^^^^^^^^^^^
  File "C:\ijhwang\숨고\김나경님\knh\venv\Lib\site-packages\aiosqlite\core.py", line 122, in _execute
    return await future
           ^^^^^^^^^^^^
  File "C:\ijhwang\숨고\김나경님\knh\venv\Lib\site-packages\aiosqlite\core.py", line 105, in run
    result = function()
sqlalchemy.exc.OperationalError: (sqlite3.OperationalError) no such table: users
[SQL: SELECT users.email, users.username, users.hashed_password, users.is_active, users.id, users.created_at, users.updated_at 
FROM users ORDER BY users.created_at DESC
 LIMIT ? OFFSET ?]
[parameters: (20, 0)]
(Background on this error at: https://sqlalche.me/e/20/e3q8)
2025-12-05 22:27:23 - [da6aff18-de52-476f-abad-1a8460633102] - app.config.database - ERROR - 데이터베이스 세션 오류: (sqlite3.OperationalError) no such table: users
[SQL: SELECT users.email, users.username, users.hashed_password, users.is_active, users.id, users.created_at, users.updated_at 
FROM users ORDER BY users.created_at DESC
 LIMIT ? OFFSET ?]
[parameters: (20, 0)]
(Background on this error at: https://sqlalche.me/e/20/e3q8)
Traceback (most recent call last):
  File "C:\ijhwang\숨고\김나경님\knh\venv\Lib\site-packages\sqlalchemy\engine\base.py", line 1967, in _exec_single_context
    self.dialect.do_execute(
    ~~~~~~~~~~~~~~~~~~~~~~~^
        cursor, str_statement, effective_parameters, context
        ^^^^^^^^^^^^^^^^^^^^^^^^^^^^^^^^^^^^^^^^^^^^^^^^^^^^
    )
    ^
  File "C:\ijhwang\숨고\김나경님\knh\venv\Lib\site-packages\sqlalchemy\engine\default.py", line 951, in do_execute
    cursor.execute(statement, parameters)
    ~~~~~~~~~~~~~~^^^^^^^^^^^^^^^^^^^^^^^
  File "C:\ijhwang\숨고\김나경님\knh\venv\Lib\site-packages\sqlalchemy\dialects\sqlite\aiosqlite.py", line 180, in execute
    self._adapt_connection._handle_exception(error)
    ~~~~~~~~~~~~~~~~~~~~~~~~~~~~~~~~~~~~~~~~^^^^^^^
  File "C:\ijhwang\숨고\김나경님\knh\venv\Lib\site-packages\sqlalchemy\dialects\sqlite\aiosqlite.py", line 340, in _handle_exception
    raise error
  File "C:\ijhwang\숨고\김나경님\knh\venv\Lib\site-packages\sqlalchemy\dialects\sqlite\aiosqlite.py", line 162, in execute
    self.await_(_cursor.execute(operation, parameters))
    ~~~~~~~~~~~^^^^^^^^^^^^^^^^^^^^^^^^^^^^^^^^^^^^^^^^
  File "C:\ijhwang\숨고\김나경님\knh\venv\Lib\site-packages\sqlalchemy\util\_concurrency_py3k.py", line 132, in await_only
    return current.parent.switch(awaitable)  # type: ignore[no-any-return,attr-defined] # noqa: E501
           ~~~~~~~~~~~~~~~~~~~~~^^^^^^^^^^^
  File "C:\ijhwang\숨고\김나경님\knh\venv\Lib\site-packages\sqlalchemy\util\_concurrency_py3k.py", line 196, in greenlet_spawn
    value = await result
            ^^^^^^^^^^^^
  File "C:\ijhwang\숨고\김나경님\knh\venv\Lib\site-packages\aiosqlite\cursor.py", line 40, in execute
    await self._execute(self._cursor.execute, sql, parameters)
  File "C:\ijhwang\숨고\김나경님\knh\venv\Lib\site-packages\aiosqlite\cursor.py", line 32, in _execute
    return await self._conn._execute(fn, *args, **kwargs)
           ^^^^^^^^^^^^^^^^^^^^^^^^^^^^^^^^^^^^^^^^^^^^^^
  File "C:\ijhwang\숨고\김나경님\knh\venv\Lib\site-packages\aiosqlite\core.py", line 122, in _execute
    return await future
           ^^^^^^^^^^^^
  File "C:\ijhwang\숨고\김나경님\knh\venv\Lib\site-packages\aiosqlite\core.py", line 105, in run
    result = function()
sqlite3.OperationalError: no such table: users

The above exception was the direct cause of the following exception:

Traceback (most recent call last):
  File "C:\ijhwang\숨고\김나경님\knh\app\config\database.py", line 122, in get_db
    yield session
  File "C:\ijhwang\숨고\김나경님\knh\venv\Lib\site-packages\fastapi\routing.py", line 105, in app
    response = await f(request)
               ^^^^^^^^^^^^^^^^
  File "C:\ijhwang\숨고\김나경님\knh\venv\Lib\site-packages\fastapi\routing.py", line 385, in app
    raw_response = await run_endpoint_function(
                   ^^^^^^^^^^^^^^^^^^^^^^^^^^^^
    ...<3 lines>...
    )
    ^
  File "C:\ijhwang\숨고\김나경님\knh\venv\Lib\site-packages\fastapi\routing.py", line 284, in run_endpoint_function
    return await dependant.call(**values)
           ^^^^^^^^^^^^^^^^^^^^^^^^^^^^^^
  File "C:\ijhwang\숨고\김나경님\knh\app\domains\users\routers\user_router.py", line 54, in get_users
    users = await service.get_users(db, skip, limit, is_active)
            ^^^^^^^^^^^^^^^^^^^^^^^^^^^^^^^^^^^^^^^^^^^^^^^^^^^
  File "C:\ijhwang\숨고\김나경님\knh\app\utils\transaction.py", line 68, in wrapper
    return await func(*args, **kwargs)
           ^^^^^^^^^^^^^^^^^^^^^^^^^^^
  File "C:\ijhwang\숨고\김나경님\knh\app\domains\users\services\user_service.py", line 67, in get_users
    users = await self.repository.get_list(db, skip, limit, is_active)
            ^^^^^^^^^^^^^^^^^^^^^^^^^^^^^^^^^^^^^^^^^^^^^^^^^^^^^^^^^^
  File "C:\ijhwang\숨고\김나경님\knh\app\domains\users\repositories\user_repository.py", line 59, in get_list
    result = await db.execute(query)
             ^^^^^^^^^^^^^^^^^^^^^^^
  File "C:\ijhwang\숨고\김나경님\knh\venv\Lib\site-packages\sqlalchemy\ext\asyncio\session.py", line 449, in execute
    result = await greenlet_spawn(
             ^^^^^^^^^^^^^^^^^^^^^
    ...<6 lines>...
    )
    ^
  File "C:\ijhwang\숨고\김나경님\knh\venv\Lib\site-packages\sqlalchemy\util\_concurrency_py3k.py", line 201, in greenlet_spawn
    result = context.throw(*sys.exc_info())
  File "C:\ijhwang\숨고\김나경님\knh\venv\Lib\site-packages\sqlalchemy\orm\session.py", line 2351, in execute
    return self._execute_internal(
           ~~~~~~~~~~~~~~~~~~~~~~^
        statement,
        ^^^^^^^^^^
    ...<4 lines>...
        _add_event=_add_event,
        ^^^^^^^^^^^^^^^^^^^^^^
    )
    ^
  File "C:\ijhwang\숨고\김나경님\knh\venv\Lib\site-packages\sqlalchemy\orm\session.py", line 2249, in _execute_internal
    result: Result[Any] = compile_state_cls.orm_execute_statement(
                          ~~~~~~~~~~~~~~~~~~~~~~~~~~~~~~~~~~~~~~~^
        self,
        ^^^^^
    ...<4 lines>...
        conn,
        ^^^^^
    )
    ^
  File "C:\ijhwang\숨고\김나경님\knh\venv\Lib\site-packages\sqlalchemy\orm\context.py", line 306, in orm_execute_statement
    result = conn.execute(
        statement, params or {}, execution_options=execution_options
    )
  File "C:\ijhwang\숨고\김나경님\knh\venv\Lib\site-packages\sqlalchemy\engine\base.py", line 1419, in execute
    return meth(
        self,
        distilled_parameters,
        execution_options or NO_OPTIONS,
    )
  File "C:\ijhwang\숨고\김나경님\knh\venv\Lib\site-packages\sqlalchemy\sql\elements.py", line 526, in _execute_on_connection
    return connection._execute_clauseelement(
           ~~~~~~~~~~~~~~~~~~~~~~~~~~~~~~~~~^
        self, distilled_params, execution_options
        ^^^^^^^^^^^^^^^^^^^^^^^^^^^^^^^^^^^^^^^^^
    )
    ^
  File "C:\ijhwang\숨고\김나경님\knh\venv\Lib\site-packages\sqlalchemy\engine\base.py", line 1641, in _execute_clauseelement
    ret = self._execute_context(
        dialect,
    ...<8 lines>...
        cache_hit=cache_hit,
    )
  File "C:\ijhwang\숨고\김나경님\knh\venv\Lib\site-packages\sqlalchemy\engine\base.py", line 1846, in _execute_context
    return self._exec_single_context(
           ~~~~~~~~~~~~~~~~~~~~~~~~~^
        dialect, context, statement, parameters
        ^^^^^^^^^^^^^^^^^^^^^^^^^^^^^^^^^^^^^^^
    )
    ^
  File "C:\ijhwang\숨고\김나경님\knh\venv\Lib\site-packages\sqlalchemy\engine\base.py", line 1986, in _exec_single_context
    self._handle_dbapi_exception(
    ~~~~~~~~~~~~~~~~~~~~~~~~~~~~^
        e, str_statement, effective_parameters, cursor, context
        ^^^^^^^^^^^^^^^^^^^^^^^^^^^^^^^^^^^^^^^^^^^^^^^^^^^^^^^
    )
    ^
  File "C:\ijhwang\숨고\김나경님\knh\venv\Lib\site-packages\sqlalchemy\engine\base.py", line 2355, in _handle_dbapi_exception
    raise sqlalchemy_exception.with_traceback(exc_info[2]) from e
  File "C:\ijhwang\숨고\김나경님\knh\venv\Lib\site-packages\sqlalchemy\engine\base.py", line 1967, in _exec_single_context
    self.dialect.do_execute(
    ~~~~~~~~~~~~~~~~~~~~~~~^
        cursor, str_statement, effective_parameters, context
        ^^^^^^^^^^^^^^^^^^^^^^^^^^^^^^^^^^^^^^^^^^^^^^^^^^^^
    )
    ^
  File "C:\ijhwang\숨고\김나경님\knh\venv\Lib\site-packages\sqlalchemy\engine\default.py", line 951, in do_execute
    cursor.execute(statement, parameters)
    ~~~~~~~~~~~~~~^^^^^^^^^^^^^^^^^^^^^^^
  File "C:\ijhwang\숨고\김나경님\knh\venv\Lib\site-packages\sqlalchemy\dialects\sqlite\aiosqlite.py", line 180, in execute
    self._adapt_connection._handle_exception(error)
    ~~~~~~~~~~~~~~~~~~~~~~~~~~~~~~~~~~~~~~~~^^^^^^^
  File "C:\ijhwang\숨고\김나경님\knh\venv\Lib\site-packages\sqlalchemy\dialects\sqlite\aiosqlite.py", line 340, in _handle_exception
    raise error
  File "C:\ijhwang\숨고\김나경님\knh\venv\Lib\site-packages\sqlalchemy\dialects\sqlite\aiosqlite.py", line 162, in execute
    self.await_(_cursor.execute(operation, parameters))
    ~~~~~~~~~~~^^^^^^^^^^^^^^^^^^^^^^^^^^^^^^^^^^^^^^^^
  File "C:\ijhwang\숨고\김나경님\knh\venv\Lib\site-packages\sqlalchemy\util\_concurrency_py3k.py", line 132, in await_only
    return current.parent.switch(awaitable)  # type: ignore[no-any-return,attr-defined] # noqa: E501
           ~~~~~~~~~~~~~~~~~~~~~^^^^^^^^^^^
  File "C:\ijhwang\숨고\김나경님\knh\venv\Lib\site-packages\sqlalchemy\util\_concurrency_py3k.py", line 196, in greenlet_spawn
    value = await result
            ^^^^^^^^^^^^
  File "C:\ijhwang\숨고\김나경님\knh\venv\Lib\site-packages\aiosqlite\cursor.py", line 40, in execute
    await self._execute(self._cursor.execute, sql, parameters)
  File "C:\ijhwang\숨고\김나경님\knh\venv\Lib\site-packages\aiosqlite\cursor.py", line 32, in _execute
    return await self._conn._execute(fn, *args, **kwargs)
           ^^^^^^^^^^^^^^^^^^^^^^^^^^^^^^^^^^^^^^^^^^^^^^
  File "C:\ijhwang\숨고\김나경님\knh\venv\Lib\site-packages\aiosqlite\core.py", line 122, in _execute
    return await future
           ^^^^^^^^^^^^
  File "C:\ijhwang\숨고\김나경님\knh\venv\Lib\site-packages\aiosqlite\core.py", line 105, in run
    result = function()
sqlalchemy.exc.OperationalError: (sqlite3.OperationalError) no such table: users
[SQL: SELECT users.email, users.username, users.hashed_password, users.is_active, users.id, users.created_at, users.updated_at 
FROM users ORDER BY users.created_at DESC
 LIMIT ? OFFSET ?]
[parameters: (20, 0)]
(Background on this error at: https://sqlalche.me/e/20/e3q8)
2025-12-05 22:27:23 - [da6aff18-de52-476f-abad-1a8460633102] - app.middleware.logging_middleware - ERROR - ❌ Error: GET /users - Error: (sqlite3.OperationalError) no such table: users
[SQL: SELECT users.email, users.username, users.hashed_password, users.is_active, users.id, users.created_at, users.updated_at 
FROM users ORDER BY users.created_at DESC
 LIMIT ? OFFSET ?]
[parameters: (20, 0)]
(Background on this error at: https://sqlalche.me/e/20/e3q8) - Time: 0.044s
Traceback (most recent call last):
  File "C:\ijhwang\숨고\김나경님\knh\venv\Lib\site-packages\sqlalchemy\engine\base.py", line 1967, in _exec_single_context
    self.dialect.do_execute(
    ~~~~~~~~~~~~~~~~~~~~~~~^
        cursor, str_statement, effective_parameters, context
        ^^^^^^^^^^^^^^^^^^^^^^^^^^^^^^^^^^^^^^^^^^^^^^^^^^^^
    )
    ^
  File "C:\ijhwang\숨고\김나경님\knh\venv\Lib\site-packages\sqlalchemy\engine\default.py", line 951, in do_execute
    cursor.execute(statement, parameters)
    ~~~~~~~~~~~~~~^^^^^^^^^^^^^^^^^^^^^^^
  File "C:\ijhwang\숨고\김나경님\knh\venv\Lib\site-packages\sqlalchemy\dialects\sqlite\aiosqlite.py", line 180, in execute
    self._adapt_connection._handle_exception(error)
    ~~~~~~~~~~~~~~~~~~~~~~~~~~~~~~~~~~~~~~~~^^^^^^^
  File "C:\ijhwang\숨고\김나경님\knh\venv\Lib\site-packages\sqlalchemy\dialects\sqlite\aiosqlite.py", line 340, in _handle_exception
    raise error
  File "C:\ijhwang\숨고\김나경님\knh\venv\Lib\site-packages\sqlalchemy\dialects\sqlite\aiosqlite.py", line 162, in execute
    self.await_(_cursor.execute(operation, parameters))
    ~~~~~~~~~~~^^^^^^^^^^^^^^^^^^^^^^^^^^^^^^^^^^^^^^^^
  File "C:\ijhwang\숨고\김나경님\knh\venv\Lib\site-packages\sqlalchemy\util\_concurrency_py3k.py", line 132, in await_only
    return current.parent.switch(awaitable)  # type: ignore[no-any-return,attr-defined] # noqa: E501
           ~~~~~~~~~~~~~~~~~~~~~^^^^^^^^^^^
  File "C:\ijhwang\숨고\김나경님\knh\venv\Lib\site-packages\sqlalchemy\util\_concurrency_py3k.py", line 196, in greenlet_spawn
    value = await result
            ^^^^^^^^^^^^
  File "C:\ijhwang\숨고\김나경님\knh\venv\Lib\site-packages\aiosqlite\cursor.py", line 40, in execute
    await self._execute(self._cursor.execute, sql, parameters)
  File "C:\ijhwang\숨고\김나경님\knh\venv\Lib\site-packages\aiosqlite\cursor.py", line 32, in _execute
    return await self._conn._execute(fn, *args, **kwargs)
           ^^^^^^^^^^^^^^^^^^^^^^^^^^^^^^^^^^^^^^^^^^^^^^
  File "C:\ijhwang\숨고\김나경님\knh\venv\Lib\site-packages\aiosqlite\core.py", line 122, in _execute
    return await future
           ^^^^^^^^^^^^
  File "C:\ijhwang\숨고\김나경님\knh\venv\Lib\site-packages\aiosqlite\core.py", line 105, in run
    result = function()
sqlite3.OperationalError: no such table: users

The above exception was the direct cause of the following exception:

Traceback (most recent call last):
  File "C:\ijhwang\숨고\김나경님\knh\app\middleware\logging_middleware.py", line 26, in dispatch
    response = await call_next(request)
               ^^^^^^^^^^^^^^^^^^^^^^^^
  File "C:\ijhwang\숨고\김나경님\knh\venv\Lib\site-packages\starlette\middleware\base.py", line 168, in call_next
    raise app_exc from app_exc.__cause__ or app_exc.__context__
  File "C:\ijhwang\숨고\김나경님\knh\venv\Lib\site-packages\starlette\middleware\base.py", line 144, in coro
    await self.app(scope, receive_or_disconnect, send_no_error)
  File "C:\ijhwang\숨고\김나경님\knh\venv\Lib\site-packages\starlette\middleware\cors.py", line 85, in __call__
    await self.app(scope, receive, send)
  File "C:\ijhwang\숨고\김나경님\knh\venv\Lib\site-packages\starlette\middleware\exceptions.py", line 63, in __call__
    await wrap_app_handling_exceptions(self.app, conn)(scope, receive, send)
  File "C:\ijhwang\숨고\김나경님\knh\venv\Lib\site-packages\starlette\_exception_handler.py", line 53, in wrapped_app
    raise exc
  File "C:\ijhwang\숨고\김나경님\knh\venv\Lib\site-packages\starlette\_exception_handler.py", line 42, in wrapped_app
    await app(scope, receive, sender)
  File "C:\ijhwang\숨고\김나경님\knh\venv\Lib\site-packages\fastapi\middleware\asyncexitstack.py", line 18, in __call__
    await self.app(scope, receive, send)
  File "C:\ijhwang\숨고\김나경님\knh\venv\Lib\site-packages\starlette\routing.py", line 716, in __call__
    await self.middleware_stack(scope, receive, send)
  File "C:\ijhwang\숨고\김나경님\knh\venv\Lib\site-packages\starlette\routing.py", line 736, in app
    await route.handle(scope, receive, send)
  File "C:\ijhwang\숨고\김나경님\knh\venv\Lib\site-packages\starlette\routing.py", line 290, in handle
    await self.app(scope, receive, send)
  File "C:\ijhwang\숨고\김나경님\knh\venv\Lib\site-packages\fastapi\routing.py", line 119, in app
    await wrap_app_handling_exceptions(app, request)(scope, receive, send)
  File "C:\ijhwang\숨고\김나경님\knh\venv\Lib\site-packages\starlette\_exception_handler.py", line 53, in wrapped_app
    raise exc
  File "C:\ijhwang\숨고\김나경님\knh\venv\Lib\site-packages\starlette\_exception_handler.py", line 42, in wrapped_app
    await app(scope, receive, sender)
  File "C:\ijhwang\숨고\김나경님\knh\venv\Lib\site-packages\fastapi\routing.py", line 105, in app
    response = await f(request)
               ^^^^^^^^^^^^^^^^
  File "C:\ijhwang\숨고\김나경님\knh\venv\Lib\site-packages\fastapi\routing.py", line 385, in app
    raw_response = await run_endpoint_function(
                   ^^^^^^^^^^^^^^^^^^^^^^^^^^^^
    ...<3 lines>...
    )
    ^
  File "C:\ijhwang\숨고\김나경님\knh\venv\Lib\site-packages\fastapi\routing.py", line 284, in run_endpoint_function
    return await dependant.call(**values)
           ^^^^^^^^^^^^^^^^^^^^^^^^^^^^^^
  File "C:\ijhwang\숨고\김나경님\knh\app\domains\users\routers\user_router.py", line 54, in get_users
    users = await service.get_users(db, skip, limit, is_active)
            ^^^^^^^^^^^^^^^^^^^^^^^^^^^^^^^^^^^^^^^^^^^^^^^^^^^
  File "C:\ijhwang\숨고\김나경님\knh\app\utils\transaction.py", line 68, in wrapper
    return await func(*args, **kwargs)
           ^^^^^^^^^^^^^^^^^^^^^^^^^^^
  File "C:\ijhwang\숨고\김나경님\knh\app\domains\users\services\user_service.py", line 67, in get_users
    users = await self.repository.get_list(db, skip, limit, is_active)
            ^^^^^^^^^^^^^^^^^^^^^^^^^^^^^^^^^^^^^^^^^^^^^^^^^^^^^^^^^^
  File "C:\ijhwang\숨고\김나경님\knh\app\domains\users\repositories\user_repository.py", line 59, in get_list
    result = await db.execute(query)
             ^^^^^^^^^^^^^^^^^^^^^^^
  File "C:\ijhwang\숨고\김나경님\knh\venv\Lib\site-packages\sqlalchemy\ext\asyncio\session.py", line 449, in execute
    result = await greenlet_spawn(
             ^^^^^^^^^^^^^^^^^^^^^
    ...<6 lines>...
    )
    ^
  File "C:\ijhwang\숨고\김나경님\knh\venv\Lib\site-packages\sqlalchemy\util\_concurrency_py3k.py", line 201, in greenlet_spawn
    result = context.throw(*sys.exc_info())
  File "C:\ijhwang\숨고\김나경님\knh\venv\Lib\site-packages\sqlalchemy\orm\session.py", line 2351, in execute
    return self._execute_internal(
           ~~~~~~~~~~~~~~~~~~~~~~^
        statement,
        ^^^^^^^^^^
    ...<4 lines>...
        _add_event=_add_event,
        ^^^^^^^^^^^^^^^^^^^^^^
    )
    ^
  File "C:\ijhwang\숨고\김나경님\knh\venv\Lib\site-packages\sqlalchemy\orm\session.py", line 2249, in _execute_internal
    result: Result[Any] = compile_state_cls.orm_execute_statement(
                          ~~~~~~~~~~~~~~~~~~~~~~~~~~~~~~~~~~~~~~~^
        self,
        ^^^^^
    ...<4 lines>...
        conn,
        ^^^^^
    )
    ^
  File "C:\ijhwang\숨고\김나경님\knh\venv\Lib\site-packages\sqlalchemy\orm\context.py", line 306, in orm_execute_statement
    result = conn.execute(
        statement, params or {}, execution_options=execution_options
    )
  File "C:\ijhwang\숨고\김나경님\knh\venv\Lib\site-packages\sqlalchemy\engine\base.py", line 1419, in execute
    return meth(
        self,
        distilled_parameters,
        execution_options or NO_OPTIONS,
    )
  File "C:\ijhwang\숨고\김나경님\knh\venv\Lib\site-packages\sqlalchemy\sql\elements.py", line 526, in _execute_on_connection
    return connection._execute_clauseelement(
           ~~~~~~~~~~~~~~~~~~~~~~~~~~~~~~~~~^
        self, distilled_params, execution_options
        ^^^^^^^^^^^^^^^^^^^^^^^^^^^^^^^^^^^^^^^^^
    )
    ^
  File "C:\ijhwang\숨고\김나경님\knh\venv\Lib\site-packages\sqlalchemy\engine\base.py", line 1641, in _execute_clauseelement
    ret = self._execute_context(
        dialect,
    ...<8 lines>...
        cache_hit=cache_hit,
    )
  File "C:\ijhwang\숨고\김나경님\knh\venv\Lib\site-packages\sqlalchemy\engine\base.py", line 1846, in _execute_context
    return self._exec_single_context(
           ~~~~~~~~~~~~~~~~~~~~~~~~~^
        dialect, context, statement, parameters
        ^^^^^^^^^^^^^^^^^^^^^^^^^^^^^^^^^^^^^^^
    )
    ^
  File "C:\ijhwang\숨고\김나경님\knh\venv\Lib\site-packages\sqlalchemy\engine\base.py", line 1986, in _exec_single_context
    self._handle_dbapi_exception(
    ~~~~~~~~~~~~~~~~~~~~~~~~~~~~^
        e, str_statement, effective_parameters, cursor, context
        ^^^^^^^^^^^^^^^^^^^^^^^^^^^^^^^^^^^^^^^^^^^^^^^^^^^^^^^
    )
    ^
  File "C:\ijhwang\숨고\김나경님\knh\venv\Lib\site-packages\sqlalchemy\engine\base.py", line 2355, in _handle_dbapi_exception
    raise sqlalchemy_exception.with_traceback(exc_info[2]) from e
  File "C:\ijhwang\숨고\김나경님\knh\venv\Lib\site-packages\sqlalchemy\engine\base.py", line 1967, in _exec_single_context
    self.dialect.do_execute(
    ~~~~~~~~~~~~~~~~~~~~~~~^
        cursor, str_statement, effective_parameters, context
        ^^^^^^^^^^^^^^^^^^^^^^^^^^^^^^^^^^^^^^^^^^^^^^^^^^^^
    )
    ^
  File "C:\ijhwang\숨고\김나경님\knh\venv\Lib\site-packages\sqlalchemy\engine\default.py", line 951, in do_execute
    cursor.execute(statement, parameters)
    ~~~~~~~~~~~~~~^^^^^^^^^^^^^^^^^^^^^^^
  File "C:\ijhwang\숨고\김나경님\knh\venv\Lib\site-packages\sqlalchemy\dialects\sqlite\aiosqlite.py", line 180, in execute
    self._adapt_connection._handle_exception(error)
    ~~~~~~~~~~~~~~~~~~~~~~~~~~~~~~~~~~~~~~~~^^^^^^^
  File "C:\ijhwang\숨고\김나경님\knh\venv\Lib\site-packages\sqlalchemy\dialects\sqlite\aiosqlite.py", line 340, in _handle_exception
    raise error
  File "C:\ijhwang\숨고\김나경님\knh\venv\Lib\site-packages\sqlalchemy\dialects\sqlite\aiosqlite.py", line 162, in execute
    self.await_(_cursor.execute(operation, parameters))
    ~~~~~~~~~~~^^^^^^^^^^^^^^^^^^^^^^^^^^^^^^^^^^^^^^^^
  File "C:\ijhwang\숨고\김나경님\knh\venv\Lib\site-packages\sqlalchemy\util\_concurrency_py3k.py", line 132, in await_only
    return current.parent.switch(awaitable)  # type: ignore[no-any-return,attr-defined] # noqa: E501
           ~~~~~~~~~~~~~~~~~~~~~^^^^^^^^^^^
  File "C:\ijhwang\숨고\김나경님\knh\venv\Lib\site-packages\sqlalchemy\util\_concurrency_py3k.py", line 196, in greenlet_spawn
    value = await result
            ^^^^^^^^^^^^
  File "C:\ijhwang\숨고\김나경님\knh\venv\Lib\site-packages\aiosqlite\cursor.py", line 40, in execute
    await self._execute(self._cursor.execute, sql, parameters)
  File "C:\ijhwang\숨고\김나경님\knh\venv\Lib\site-packages\aiosqlite\cursor.py", line 32, in _execute
    return await self._conn._execute(fn, *args, **kwargs)
           ^^^^^^^^^^^^^^^^^^^^^^^^^^^^^^^^^^^^^^^^^^^^^^
  File "C:\ijhwang\숨고\김나경님\knh\venv\Lib\site-packages\aiosqlite\core.py", line 122, in _execute
    return await future
           ^^^^^^^^^^^^
  File "C:\ijhwang\숨고\김나경님\knh\venv\Lib\site-packages\aiosqlite\core.py", line 105, in run
    result = function()
sqlalchemy.exc.OperationalError: (sqlite3.OperationalError) no such table: users
[SQL: SELECT users.email, users.username, users.hashed_password, users.is_active, users.id, users.created_at, users.updated_at 
FROM users ORDER BY users.created_at DESC
 LIMIT ? OFFSET ?]
[parameters: (20, 0)]
(Background on this error at: https://sqlalche.me/e/20/e3q8)
2025-12-05 22:27:23 - [no-trace] - app.handlers.exception_handlers - ERROR - ❌ Unhandled Exception: OperationalError - (sqlite3.OperationalError) no such table: users
[SQL: SELECT users.email, users.username, users.hashed_password, users.is_active, users.id, users.created_at, users.updated_at 
FROM users ORDER BY users.created_at DESC
 LIMIT ? OFFSET ?]
[parameters: (20, 0)]
(Background on this error at: https://sqlalche.me/e/20/e3q8)
Traceback (most recent call last):
  File "C:\ijhwang\숨고\김나경님\knh\venv\Lib\site-packages\sqlalchemy\engine\base.py", line 1967, in _exec_single_context
    self.dialect.do_execute(
    ~~~~~~~~~~~~~~~~~~~~~~~^
        cursor, str_statement, effective_parameters, context
        ^^^^^^^^^^^^^^^^^^^^^^^^^^^^^^^^^^^^^^^^^^^^^^^^^^^^
    )
    ^
  File "C:\ijhwang\숨고\김나경님\knh\venv\Lib\site-packages\sqlalchemy\engine\default.py", line 951, in do_execute
    cursor.execute(statement, parameters)
    ~~~~~~~~~~~~~~^^^^^^^^^^^^^^^^^^^^^^^
  File "C:\ijhwang\숨고\김나경님\knh\venv\Lib\site-packages\sqlalchemy\dialects\sqlite\aiosqlite.py", line 180, in execute
    self._adapt_connection._handle_exception(error)
    ~~~~~~~~~~~~~~~~~~~~~~~~~~~~~~~~~~~~~~~~^^^^^^^
  File "C:\ijhwang\숨고\김나경님\knh\venv\Lib\site-packages\sqlalchemy\dialects\sqlite\aiosqlite.py", line 340, in _handle_exception
    raise error
  File "C:\ijhwang\숨고\김나경님\knh\venv\Lib\site-packages\sqlalchemy\dialects\sqlite\aiosqlite.py", line 162, in execute
    self.await_(_cursor.execute(operation, parameters))
    ~~~~~~~~~~~^^^^^^^^^^^^^^^^^^^^^^^^^^^^^^^^^^^^^^^^
  File "C:\ijhwang\숨고\김나경님\knh\venv\Lib\site-packages\sqlalchemy\util\_concurrency_py3k.py", line 132, in await_only
    return current.parent.switch(awaitable)  # type: ignore[no-any-return,attr-defined] # noqa: E501
           ~~~~~~~~~~~~~~~~~~~~~^^^^^^^^^^^
  File "C:\ijhwang\숨고\김나경님\knh\venv\Lib\site-packages\sqlalchemy\util\_concurrency_py3k.py", line 196, in greenlet_spawn
    value = await result
            ^^^^^^^^^^^^
  File "C:\ijhwang\숨고\김나경님\knh\venv\Lib\site-packages\aiosqlite\cursor.py", line 40, in execute
    await self._execute(self._cursor.execute, sql, parameters)
  File "C:\ijhwang\숨고\김나경님\knh\venv\Lib\site-packages\aiosqlite\cursor.py", line 32, in _execute
    return await self._conn._execute(fn, *args, **kwargs)
           ^^^^^^^^^^^^^^^^^^^^^^^^^^^^^^^^^^^^^^^^^^^^^^
  File "C:\ijhwang\숨고\김나경님\knh\venv\Lib\site-packages\aiosqlite\core.py", line 122, in _execute
    return await future
           ^^^^^^^^^^^^
  File "C:\ijhwang\숨고\김나경님\knh\venv\Lib\site-packages\aiosqlite\core.py", line 105, in run
    result = function()
sqlite3.OperationalError: no such table: users

The above exception was the direct cause of the following exception:

Traceback (most recent call last):
  File "C:\ijhwang\숨고\김나경님\knh\venv\Lib\site-packages\starlette\middleware\errors.py", line 164, in __call__
    await self.app(scope, receive, _send)
  File "C:\ijhwang\숨고\김나경님\knh\venv\Lib\site-packages\starlette\middleware\base.py", line 191, in __call__
    with recv_stream, send_stream, collapse_excgroups():
                                   ~~~~~~~~~~~~~~~~~~^^
  File "C:\Users\ijhwang\AppData\Local\Programs\Python\Python314\Lib\contextlib.py", line 162, in __exit__
    self.gen.throw(value)
    ~~~~~~~~~~~~~~^^^^^^^
  File "C:\ijhwang\숨고\김나경님\knh\venv\Lib\site-packages\starlette\_utils.py", line 85, in collapse_excgroups
    raise exc
  File "C:\ijhwang\숨고\김나경님\knh\venv\Lib\site-packages\starlette\middleware\base.py", line 193, in __call__
    response = await self.dispatch_func(request, call_next)
               ^^^^^^^^^^^^^^^^^^^^^^^^^^^^^^^^^^^^^^^^^^^^
  File "C:\ijhwang\숨고\김나경님\knh\app\middleware\logging_middleware.py", line 26, in dispatch
    response = await call_next(request)
               ^^^^^^^^^^^^^^^^^^^^^^^^
  File "C:\ijhwang\숨고\김나경님\knh\venv\Lib\site-packages\starlette\middleware\base.py", line 168, in call_next
    raise app_exc from app_exc.__cause__ or app_exc.__context__
  File "C:\ijhwang\숨고\김나경님\knh\venv\Lib\site-packages\starlette\middleware\base.py", line 144, in coro
    await self.app(scope, receive_or_disconnect, send_no_error)
  File "C:\ijhwang\숨고\김나경님\knh\venv\Lib\site-packages\starlette\middleware\cors.py", line 85, in __call__
    await self.app(scope, receive, send)
  File "C:\ijhwang\숨고\김나경님\knh\venv\Lib\site-packages\starlette\middleware\exceptions.py", line 63, in __call__
    await wrap_app_handling_exceptions(self.app, conn)(scope, receive, send)
  File "C:\ijhwang\숨고\김나경님\knh\venv\Lib\site-packages\starlette\_exception_handler.py", line 53, in wrapped_app
    raise exc
  File "C:\ijhwang\숨고\김나경님\knh\venv\Lib\site-packages\starlette\_exception_handler.py", line 42, in wrapped_app
    await app(scope, receive, sender)
  File "C:\ijhwang\숨고\김나경님\knh\venv\Lib\site-packages\fastapi\middleware\asyncexitstack.py", line 18, in __call__
    await self.app(scope, receive, send)
  File "C:\ijhwang\숨고\김나경님\knh\venv\Lib\site-packages\starlette\routing.py", line 716, in __call__
    await self.middleware_stack(scope, receive, send)
  File "C:\ijhwang\숨고\김나경님\knh\venv\Lib\site-packages\starlette\routing.py", line 736, in app
    await route.handle(scope, receive, send)
  File "C:\ijhwang\숨고\김나경님\knh\venv\Lib\site-packages\starlette\routing.py", line 290, in handle
    await self.app(scope, receive, send)
  File "C:\ijhwang\숨고\김나경님\knh\venv\Lib\site-packages\fastapi\routing.py", line 119, in app
    await wrap_app_handling_exceptions(app, request)(scope, receive, send)
  File "C:\ijhwang\숨고\김나경님\knh\venv\Lib\site-packages\starlette\_exception_handler.py", line 53, in wrapped_app
    raise exc
  File "C:\ijhwang\숨고\김나경님\knh\venv\Lib\site-packages\starlette\_exception_handler.py", line 42, in wrapped_app
    await app(scope, receive, sender)
  File "C:\ijhwang\숨고\김나경님\knh\venv\Lib\site-packages\fastapi\routing.py", line 105, in app
    response = await f(request)
               ^^^^^^^^^^^^^^^^
  File "C:\ijhwang\숨고\김나경님\knh\venv\Lib\site-packages\fastapi\routing.py", line 385, in app
    raw_response = await run_endpoint_function(
                   ^^^^^^^^^^^^^^^^^^^^^^^^^^^^
    ...<3 lines>...
    )
    ^
  File "C:\ijhwang\숨고\김나경님\knh\venv\Lib\site-packages\fastapi\routing.py", line 284, in run_endpoint_function
    return await dependant.call(**values)
           ^^^^^^^^^^^^^^^^^^^^^^^^^^^^^^
  File "C:\ijhwang\숨고\김나경님\knh\app\domains\users\routers\user_router.py", line 54, in get_users
    users = await service.get_users(db, skip, limit, is_active)
            ^^^^^^^^^^^^^^^^^^^^^^^^^^^^^^^^^^^^^^^^^^^^^^^^^^^
  File "C:\ijhwang\숨고\김나경님\knh\app\utils\transaction.py", line 68, in wrapper
    return await func(*args, **kwargs)
           ^^^^^^^^^^^^^^^^^^^^^^^^^^^
  File "C:\ijhwang\숨고\김나경님\knh\app\domains\users\services\user_service.py", line 67, in get_users
    users = await self.repository.get_list(db, skip, limit, is_active)
            ^^^^^^^^^^^^^^^^^^^^^^^^^^^^^^^^^^^^^^^^^^^^^^^^^^^^^^^^^^
  File "C:\ijhwang\숨고\김나경님\knh\app\domains\users\repositories\user_repository.py", line 59, in get_list
    result = await db.execute(query)
             ^^^^^^^^^^^^^^^^^^^^^^^
  File "C:\ijhwang\숨고\김나경님\knh\venv\Lib\site-packages\sqlalchemy\ext\asyncio\session.py", line 449, in execute
    result = await greenlet_spawn(
             ^^^^^^^^^^^^^^^^^^^^^
    ...<6 lines>...
    )
    ^
  File "C:\ijhwang\숨고\김나경님\knh\venv\Lib\site-packages\sqlalchemy\util\_concurrency_py3k.py", line 201, in greenlet_spawn
    result = context.throw(*sys.exc_info())
  File "C:\ijhwang\숨고\김나경님\knh\venv\Lib\site-packages\sqlalchemy\orm\session.py", line 2351, in execute
    return self._execute_internal(
           ~~~~~~~~~~~~~~~~~~~~~~^
        statement,
        ^^^^^^^^^^
    ...<4 lines>...
        _add_event=_add_event,
        ^^^^^^^^^^^^^^^^^^^^^^
    )
    ^
  File "C:\ijhwang\숨고\김나경님\knh\venv\Lib\site-packages\sqlalchemy\orm\session.py", line 2249, in _execute_internal
    result: Result[Any] = compile_state_cls.orm_execute_statement(
                          ~~~~~~~~~~~~~~~~~~~~~~~~~~~~~~~~~~~~~~~^
        self,
        ^^^^^
    ...<4 lines>...
        conn,
        ^^^^^
    )
    ^
  File "C:\ijhwang\숨고\김나경님\knh\venv\Lib\site-packages\sqlalchemy\orm\context.py", line 306, in orm_execute_statement
    result = conn.execute(
        statement, params or {}, execution_options=execution_options
    )
  File "C:\ijhwang\숨고\김나경님\knh\venv\Lib\site-packages\sqlalchemy\engine\base.py", line 1419, in execute
    return meth(
        self,
        distilled_parameters,
        execution_options or NO_OPTIONS,
    )
  File "C:\ijhwang\숨고\김나경님\knh\venv\Lib\site-packages\sqlalchemy\sql\elements.py", line 526, in _execute_on_connection
    return connection._execute_clauseelement(
           ~~~~~~~~~~~~~~~~~~~~~~~~~~~~~~~~~^
        self, distilled_params, execution_options
        ^^^^^^^^^^^^^^^^^^^^^^^^^^^^^^^^^^^^^^^^^
    )
    ^
  File "C:\ijhwang\숨고\김나경님\knh\venv\Lib\site-packages\sqlalchemy\engine\base.py", line 1641, in _execute_clauseelement
    ret = self._execute_context(
        dialect,
    ...<8 lines>...
        cache_hit=cache_hit,
    )
  File "C:\ijhwang\숨고\김나경님\knh\venv\Lib\site-packages\sqlalchemy\engine\base.py", line 1846, in _execute_context
    return self._exec_single_context(
           ~~~~~~~~~~~~~~~~~~~~~~~~~^
        dialect, context, statement, parameters
        ^^^^^^^^^^^^^^^^^^^^^^^^^^^^^^^^^^^^^^^
    )
    ^
  File "C:\ijhwang\숨고\김나경님\knh\venv\Lib\site-packages\sqlalchemy\engine\base.py", line 1986, in _exec_single_context
    self._handle_dbapi_exception(
    ~~~~~~~~~~~~~~~~~~~~~~~~~~~~^
        e, str_statement, effective_parameters, cursor, context
        ^^^^^^^^^^^^^^^^^^^^^^^^^^^^^^^^^^^^^^^^^^^^^^^^^^^^^^^
    )
    ^
  File "C:\ijhwang\숨고\김나경님\knh\venv\Lib\site-packages\sqlalchemy\engine\base.py", line 2355, in _handle_dbapi_exception
    raise sqlalchemy_exception.with_traceback(exc_info[2]) from e
  File "C:\ijhwang\숨고\김나경님\knh\venv\Lib\site-packages\sqlalchemy\engine\base.py", line 1967, in _exec_single_context
    self.dialect.do_execute(
    ~~~~~~~~~~~~~~~~~~~~~~~^
        cursor, str_statement, effective_parameters, context
        ^^^^^^^^^^^^^^^^^^^^^^^^^^^^^^^^^^^^^^^^^^^^^^^^^^^^
    )
    ^
  File "C:\ijhwang\숨고\김나경님\knh\venv\Lib\site-packages\sqlalchemy\engine\default.py", line 951, in do_execute
    cursor.execute(statement, parameters)
    ~~~~~~~~~~~~~~^^^^^^^^^^^^^^^^^^^^^^^
  File "C:\ijhwang\숨고\김나경님\knh\venv\Lib\site-packages\sqlalchemy\dialects\sqlite\aiosqlite.py", line 180, in execute
    self._adapt_connection._handle_exception(error)
    ~~~~~~~~~~~~~~~~~~~~~~~~~~~~~~~~~~~~~~~~^^^^^^^
  File "C:\ijhwang\숨고\김나경님\knh\venv\Lib\site-packages\sqlalchemy\dialects\sqlite\aiosqlite.py", line 340, in _handle_exception
    raise error
  File "C:\ijhwang\숨고\김나경님\knh\venv\Lib\site-packages\sqlalchemy\dialects\sqlite\aiosqlite.py", line 162, in execute
    self.await_(_cursor.execute(operation, parameters))
    ~~~~~~~~~~~^^^^^^^^^^^^^^^^^^^^^^^^^^^^^^^^^^^^^^^^
  File "C:\ijhwang\숨고\김나경님\knh\venv\Lib\site-packages\sqlalchemy\util\_concurrency_py3k.py", line 132, in await_only
    return current.parent.switch(awaitable)  # type: ignore[no-any-return,attr-defined] # noqa: E501
           ~~~~~~~~~~~~~~~~~~~~~^^^^^^^^^^^
  File "C:\ijhwang\숨고\김나경님\knh\venv\Lib\site-packages\sqlalchemy\util\_concurrency_py3k.py", line 196, in greenlet_spawn
    value = await result
            ^^^^^^^^^^^^
  File "C:\ijhwang\숨고\김나경님\knh\venv\Lib\site-packages\aiosqlite\cursor.py", line 40, in execute
    await self._execute(self._cursor.execute, sql, parameters)
  File "C:\ijhwang\숨고\김나경님\knh\venv\Lib\site-packages\aiosqlite\cursor.py", line 32, in _execute
    return await self._conn._execute(fn, *args, **kwargs)
           ^^^^^^^^^^^^^^^^^^^^^^^^^^^^^^^^^^^^^^^^^^^^^^
  File "C:\ijhwang\숨고\김나경님\knh\venv\Lib\site-packages\aiosqlite\core.py", line 122, in _execute
    return await future
           ^^^^^^^^^^^^
  File "C:\ijhwang\숨고\김나경님\knh\venv\Lib\site-packages\aiosqlite\core.py", line 105, in run
    result = function()
sqlalchemy.exc.OperationalError: (sqlite3.OperationalError) no such table: users
[SQL: SELECT users.email, users.username, users.hashed_password, users.is_active, users.id, users.created_at, users.updated_at 
FROM users ORDER BY users.created_at DESC
 LIMIT ? OFFSET ?]
[parameters: (20, 0)]
(Background on this error at: https://sqlalche.me/e/20/e3q8)
2025-12-05 22:27:46 - [bd8103e4-f4a5-4a58-a802-bed61a2d9cfa] - app.utils.transaction - ERROR - 트랜잭션 롤백: create_user - (sqlite3.OperationalError) no such table: users
[SQL: SELECT users.email, users.username, users.hashed_password, users.is_active, users.id, users.created_at, users.updated_at 
FROM users 
WHERE users.email = ?]
[parameters: ('user@example.com',)]
(Background on this error at: https://sqlalche.me/e/20/e3q8)
Traceback (most recent call last):
  File "C:\ijhwang\숨고\김나경님\knh\venv\Lib\site-packages\sqlalchemy\engine\base.py", line 1967, in _exec_single_context
    self.dialect.do_execute(
    ~~~~~~~~~~~~~~~~~~~~~~~^
        cursor, str_statement, effective_parameters, context
        ^^^^^^^^^^^^^^^^^^^^^^^^^^^^^^^^^^^^^^^^^^^^^^^^^^^^
    )
    ^
  File "C:\ijhwang\숨고\김나경님\knh\venv\Lib\site-packages\sqlalchemy\engine\default.py", line 951, in do_execute
    cursor.execute(statement, parameters)
    ~~~~~~~~~~~~~~^^^^^^^^^^^^^^^^^^^^^^^
  File "C:\ijhwang\숨고\김나경님\knh\venv\Lib\site-packages\sqlalchemy\dialects\sqlite\aiosqlite.py", line 180, in execute
    self._adapt_connection._handle_exception(error)
    ~~~~~~~~~~~~~~~~~~~~~~~~~~~~~~~~~~~~~~~~^^^^^^^
  File "C:\ijhwang\숨고\김나경님\knh\venv\Lib\site-packages\sqlalchemy\dialects\sqlite\aiosqlite.py", line 340, in _handle_exception
    raise error
  File "C:\ijhwang\숨고\김나경님\knh\venv\Lib\site-packages\sqlalchemy\dialects\sqlite\aiosqlite.py", line 162, in execute
    self.await_(_cursor.execute(operation, parameters))
    ~~~~~~~~~~~^^^^^^^^^^^^^^^^^^^^^^^^^^^^^^^^^^^^^^^^
  File "C:\ijhwang\숨고\김나경님\knh\venv\Lib\site-packages\sqlalchemy\util\_concurrency_py3k.py", line 132, in await_only
    return current.parent.switch(awaitable)  # type: ignore[no-any-return,attr-defined] # noqa: E501
           ~~~~~~~~~~~~~~~~~~~~~^^^^^^^^^^^
  File "C:\ijhwang\숨고\김나경님\knh\venv\Lib\site-packages\sqlalchemy\util\_concurrency_py3k.py", line 196, in greenlet_spawn
    value = await result
            ^^^^^^^^^^^^
  File "C:\ijhwang\숨고\김나경님\knh\venv\Lib\site-packages\aiosqlite\cursor.py", line 40, in execute
    await self._execute(self._cursor.execute, sql, parameters)
  File "C:\ijhwang\숨고\김나경님\knh\venv\Lib\site-packages\aiosqlite\cursor.py", line 32, in _execute
    return await self._conn._execute(fn, *args, **kwargs)
           ^^^^^^^^^^^^^^^^^^^^^^^^^^^^^^^^^^^^^^^^^^^^^^
  File "C:\ijhwang\숨고\김나경님\knh\venv\Lib\site-packages\aiosqlite\core.py", line 122, in _execute
    return await future
           ^^^^^^^^^^^^
  File "C:\ijhwang\숨고\김나경님\knh\venv\Lib\site-packages\aiosqlite\core.py", line 105, in run
    result = function()
sqlite3.OperationalError: no such table: users

The above exception was the direct cause of the following exception:

Traceback (most recent call last):
  File "C:\ijhwang\숨고\김나경님\knh\app\utils\transaction.py", line 41, in wrapper
    result = await func(*args, **kwargs)
             ^^^^^^^^^^^^^^^^^^^^^^^^^^^
  File "C:\ijhwang\숨고\김나경님\knh\app\domains\users\services\user_service.py", line 25, in create_user
    existing_user = await self.repository.get_by_email(db, user_data.email)
                    ^^^^^^^^^^^^^^^^^^^^^^^^^^^^^^^^^^^^^^^^^^^^^^^^^^^^^^^
  File "C:\ijhwang\숨고\김나경님\knh\app\domains\users\repositories\user_repository.py", line 35, in get_by_email
    result = await db.execute(select(User).where(User.email == email))
             ^^^^^^^^^^^^^^^^^^^^^^^^^^^^^^^^^^^^^^^^^^^^^^^^^^^^^^^^^
  File "C:\ijhwang\숨고\김나경님\knh\venv\Lib\site-packages\sqlalchemy\ext\asyncio\session.py", line 449, in execute
    result = await greenlet_spawn(
             ^^^^^^^^^^^^^^^^^^^^^
    ...<6 lines>...
    )
    ^
  File "C:\ijhwang\숨고\김나경님\knh\venv\Lib\site-packages\sqlalchemy\util\_concurrency_py3k.py", line 201, in greenlet_spawn
    result = context.throw(*sys.exc_info())
  File "C:\ijhwang\숨고\김나경님\knh\venv\Lib\site-packages\sqlalchemy\orm\session.py", line 2351, in execute
    return self._execute_internal(
           ~~~~~~~~~~~~~~~~~~~~~~^
        statement,
        ^^^^^^^^^^
    ...<4 lines>...
        _add_event=_add_event,
        ^^^^^^^^^^^^^^^^^^^^^^
    )
    ^
  File "C:\ijhwang\숨고\김나경님\knh\venv\Lib\site-packages\sqlalchemy\orm\session.py", line 2249, in _execute_internal
    result: Result[Any] = compile_state_cls.orm_execute_statement(
                          ~~~~~~~~~~~~~~~~~~~~~~~~~~~~~~~~~~~~~~~^
        self,
        ^^^^^
    ...<4 lines>...
        conn,
        ^^^^^
    )
    ^
  File "C:\ijhwang\숨고\김나경님\knh\venv\Lib\site-packages\sqlalchemy\orm\context.py", line 306, in orm_execute_statement
    result = conn.execute(
        statement, params or {}, execution_options=execution_options
    )
  File "C:\ijhwang\숨고\김나경님\knh\venv\Lib\site-packages\sqlalchemy\engine\base.py", line 1419, in execute
    return meth(
        self,
        distilled_parameters,
        execution_options or NO_OPTIONS,
    )
  File "C:\ijhwang\숨고\김나경님\knh\venv\Lib\site-packages\sqlalchemy\sql\elements.py", line 526, in _execute_on_connection
    return connection._execute_clauseelement(
           ~~~~~~~~~~~~~~~~~~~~~~~~~~~~~~~~~^
        self, distilled_params, execution_options
        ^^^^^^^^^^^^^^^^^^^^^^^^^^^^^^^^^^^^^^^^^
    )
    ^
  File "C:\ijhwang\숨고\김나경님\knh\venv\Lib\site-packages\sqlalchemy\engine\base.py", line 1641, in _execute_clauseelement
    ret = self._execute_context(
        dialect,
    ...<8 lines>...
        cache_hit=cache_hit,
    )
  File "C:\ijhwang\숨고\김나경님\knh\venv\Lib\site-packages\sqlalchemy\engine\base.py", line 1846, in _execute_context
    return self._exec_single_context(
           ~~~~~~~~~~~~~~~~~~~~~~~~~^
        dialect, context, statement, parameters
        ^^^^^^^^^^^^^^^^^^^^^^^^^^^^^^^^^^^^^^^
    )
    ^
  File "C:\ijhwang\숨고\김나경님\knh\venv\Lib\site-packages\sqlalchemy\engine\base.py", line 1986, in _exec_single_context
    self._handle_dbapi_exception(
    ~~~~~~~~~~~~~~~~~~~~~~~~~~~~^
        e, str_statement, effective_parameters, cursor, context
        ^^^^^^^^^^^^^^^^^^^^^^^^^^^^^^^^^^^^^^^^^^^^^^^^^^^^^^^
    )
    ^
  File "C:\ijhwang\숨고\김나경님\knh\venv\Lib\site-packages\sqlalchemy\engine\base.py", line 2355, in _handle_dbapi_exception
    raise sqlalchemy_exception.with_traceback(exc_info[2]) from e
  File "C:\ijhwang\숨고\김나경님\knh\venv\Lib\site-packages\sqlalchemy\engine\base.py", line 1967, in _exec_single_context
    self.dialect.do_execute(
    ~~~~~~~~~~~~~~~~~~~~~~~^
        cursor, str_statement, effective_parameters, context
        ^^^^^^^^^^^^^^^^^^^^^^^^^^^^^^^^^^^^^^^^^^^^^^^^^^^^
    )
    ^
  File "C:\ijhwang\숨고\김나경님\knh\venv\Lib\site-packages\sqlalchemy\engine\default.py", line 951, in do_execute
    cursor.execute(statement, parameters)
    ~~~~~~~~~~~~~~^^^^^^^^^^^^^^^^^^^^^^^
  File "C:\ijhwang\숨고\김나경님\knh\venv\Lib\site-packages\sqlalchemy\dialects\sqlite\aiosqlite.py", line 180, in execute
    self._adapt_connection._handle_exception(error)
    ~~~~~~~~~~~~~~~~~~~~~~~~~~~~~~~~~~~~~~~~^^^^^^^
  File "C:\ijhwang\숨고\김나경님\knh\venv\Lib\site-packages\sqlalchemy\dialects\sqlite\aiosqlite.py", line 340, in _handle_exception
    raise error
  File "C:\ijhwang\숨고\김나경님\knh\venv\Lib\site-packages\sqlalchemy\dialects\sqlite\aiosqlite.py", line 162, in execute
    self.await_(_cursor.execute(operation, parameters))
    ~~~~~~~~~~~^^^^^^^^^^^^^^^^^^^^^^^^^^^^^^^^^^^^^^^^
  File "C:\ijhwang\숨고\김나경님\knh\venv\Lib\site-packages\sqlalchemy\util\_concurrency_py3k.py", line 132, in await_only
    return current.parent.switch(awaitable)  # type: ignore[no-any-return,attr-defined] # noqa: E501
           ~~~~~~~~~~~~~~~~~~~~~^^^^^^^^^^^
  File "C:\ijhwang\숨고\김나경님\knh\venv\Lib\site-packages\sqlalchemy\util\_concurrency_py3k.py", line 196, in greenlet_spawn
    value = await result
            ^^^^^^^^^^^^
  File "C:\ijhwang\숨고\김나경님\knh\venv\Lib\site-packages\aiosqlite\cursor.py", line 40, in execute
    await self._execute(self._cursor.execute, sql, parameters)
  File "C:\ijhwang\숨고\김나경님\knh\venv\Lib\site-packages\aiosqlite\cursor.py", line 32, in _execute
    return await self._conn._execute(fn, *args, **kwargs)
           ^^^^^^^^^^^^^^^^^^^^^^^^^^^^^^^^^^^^^^^^^^^^^^
  File "C:\ijhwang\숨고\김나경님\knh\venv\Lib\site-packages\aiosqlite\core.py", line 122, in _execute
    return await future
           ^^^^^^^^^^^^
  File "C:\ijhwang\숨고\김나경님\knh\venv\Lib\site-packages\aiosqlite\core.py", line 105, in run
    result = function()
sqlalchemy.exc.OperationalError: (sqlite3.OperationalError) no such table: users
[SQL: SELECT users.email, users.username, users.hashed_password, users.is_active, users.id, users.created_at, users.updated_at 
FROM users 
WHERE users.email = ?]
[parameters: ('user@example.com',)]
(Background on this error at: https://sqlalche.me/e/20/e3q8)
2025-12-05 22:27:46 - [bd8103e4-f4a5-4a58-a802-bed61a2d9cfa] - app.config.database - ERROR - 데이터베이스 세션 오류: (sqlite3.OperationalError) no such table: users
[SQL: SELECT users.email, users.username, users.hashed_password, users.is_active, users.id, users.created_at, users.updated_at 
FROM users 
WHERE users.email = ?]
[parameters: ('user@example.com',)]
(Background on this error at: https://sqlalche.me/e/20/e3q8)
Traceback (most recent call last):
  File "C:\ijhwang\숨고\김나경님\knh\venv\Lib\site-packages\sqlalchemy\engine\base.py", line 1967, in _exec_single_context
    self.dialect.do_execute(
    ~~~~~~~~~~~~~~~~~~~~~~~^
        cursor, str_statement, effective_parameters, context
        ^^^^^^^^^^^^^^^^^^^^^^^^^^^^^^^^^^^^^^^^^^^^^^^^^^^^
    )
    ^
  File "C:\ijhwang\숨고\김나경님\knh\venv\Lib\site-packages\sqlalchemy\engine\default.py", line 951, in do_execute
    cursor.execute(statement, parameters)
    ~~~~~~~~~~~~~~^^^^^^^^^^^^^^^^^^^^^^^
  File "C:\ijhwang\숨고\김나경님\knh\venv\Lib\site-packages\sqlalchemy\dialects\sqlite\aiosqlite.py", line 180, in execute
    self._adapt_connection._handle_exception(error)
    ~~~~~~~~~~~~~~~~~~~~~~~~~~~~~~~~~~~~~~~~^^^^^^^
  File "C:\ijhwang\숨고\김나경님\knh\venv\Lib\site-packages\sqlalchemy\dialects\sqlite\aiosqlite.py", line 340, in _handle_exception
    raise error
  File "C:\ijhwang\숨고\김나경님\knh\venv\Lib\site-packages\sqlalchemy\dialects\sqlite\aiosqlite.py", line 162, in execute
    self.await_(_cursor.execute(operation, parameters))
    ~~~~~~~~~~~^^^^^^^^^^^^^^^^^^^^^^^^^^^^^^^^^^^^^^^^
  File "C:\ijhwang\숨고\김나경님\knh\venv\Lib\site-packages\sqlalchemy\util\_concurrency_py3k.py", line 132, in await_only
    return current.parent.switch(awaitable)  # type: ignore[no-any-return,attr-defined] # noqa: E501
           ~~~~~~~~~~~~~~~~~~~~~^^^^^^^^^^^
  File "C:\ijhwang\숨고\김나경님\knh\venv\Lib\site-packages\sqlalchemy\util\_concurrency_py3k.py", line 196, in greenlet_spawn
    value = await result
            ^^^^^^^^^^^^
  File "C:\ijhwang\숨고\김나경님\knh\venv\Lib\site-packages\aiosqlite\cursor.py", line 40, in execute
    await self._execute(self._cursor.execute, sql, parameters)
  File "C:\ijhwang\숨고\김나경님\knh\venv\Lib\site-packages\aiosqlite\cursor.py", line 32, in _execute
    return await self._conn._execute(fn, *args, **kwargs)
           ^^^^^^^^^^^^^^^^^^^^^^^^^^^^^^^^^^^^^^^^^^^^^^
  File "C:\ijhwang\숨고\김나경님\knh\venv\Lib\site-packages\aiosqlite\core.py", line 122, in _execute
    return await future
           ^^^^^^^^^^^^
  File "C:\ijhwang\숨고\김나경님\knh\venv\Lib\site-packages\aiosqlite\core.py", line 105, in run
    result = function()
sqlite3.OperationalError: no such table: users

The above exception was the direct cause of the following exception:

Traceback (most recent call last):
  File "C:\ijhwang\숨고\김나경님\knh\app\config\database.py", line 122, in get_db
    yield session
  File "C:\ijhwang\숨고\김나경님\knh\venv\Lib\site-packages\fastapi\routing.py", line 105, in app
    response = await f(request)
               ^^^^^^^^^^^^^^^^
  File "C:\ijhwang\숨고\김나경님\knh\venv\Lib\site-packages\fastapi\routing.py", line 385, in app
    raw_response = await run_endpoint_function(
                   ^^^^^^^^^^^^^^^^^^^^^^^^^^^^
    ...<3 lines>...
    )
    ^
  File "C:\ijhwang\숨고\김나경님\knh\venv\Lib\site-packages\fastapi\routing.py", line 284, in run_endpoint_function
    return await dependant.call(**values)
           ^^^^^^^^^^^^^^^^^^^^^^^^^^^^^^
  File "C:\ijhwang\숨고\김나경님\knh\app\domains\users\routers\user_router.py", line 30, in create_user
    user = await service.create_user(db, user_data)
           ^^^^^^^^^^^^^^^^^^^^^^^^^^^^^^^^^^^^^^^^
  File "C:\ijhwang\숨고\김나경님\knh\app\utils\transaction.py", line 41, in wrapper
    result = await func(*args, **kwargs)
             ^^^^^^^^^^^^^^^^^^^^^^^^^^^
  File "C:\ijhwang\숨고\김나경님\knh\app\domains\users\services\user_service.py", line 25, in create_user
    existing_user = await self.repository.get_by_email(db, user_data.email)
                    ^^^^^^^^^^^^^^^^^^^^^^^^^^^^^^^^^^^^^^^^^^^^^^^^^^^^^^^
  File "C:\ijhwang\숨고\김나경님\knh\app\domains\users\repositories\user_repository.py", line 35, in get_by_email
    result = await db.execute(select(User).where(User.email == email))
             ^^^^^^^^^^^^^^^^^^^^^^^^^^^^^^^^^^^^^^^^^^^^^^^^^^^^^^^^^
  File "C:\ijhwang\숨고\김나경님\knh\venv\Lib\site-packages\sqlalchemy\ext\asyncio\session.py", line 449, in execute
    result = await greenlet_spawn(
             ^^^^^^^^^^^^^^^^^^^^^
    ...<6 lines>...
    )
    ^
  File "C:\ijhwang\숨고\김나경님\knh\venv\Lib\site-packages\sqlalchemy\util\_concurrency_py3k.py", line 201, in greenlet_spawn
    result = context.throw(*sys.exc_info())
  File "C:\ijhwang\숨고\김나경님\knh\venv\Lib\site-packages\sqlalchemy\orm\session.py", line 2351, in execute
    return self._execute_internal(
           ~~~~~~~~~~~~~~~~~~~~~~^
        statement,
        ^^^^^^^^^^
    ...<4 lines>...
        _add_event=_add_event,
        ^^^^^^^^^^^^^^^^^^^^^^
    )
    ^
  File "C:\ijhwang\숨고\김나경님\knh\venv\Lib\site-packages\sqlalchemy\orm\session.py", line 2249, in _execute_internal
    result: Result[Any] = compile_state_cls.orm_execute_statement(
                          ~~~~~~~~~~~~~~~~~~~~~~~~~~~~~~~~~~~~~~~^
        self,
        ^^^^^
    ...<4 lines>...
        conn,
        ^^^^^
    )
    ^
  File "C:\ijhwang\숨고\김나경님\knh\venv\Lib\site-packages\sqlalchemy\orm\context.py", line 306, in orm_execute_statement
    result = conn.execute(
        statement, params or {}, execution_options=execution_options
    )
  File "C:\ijhwang\숨고\김나경님\knh\venv\Lib\site-packages\sqlalchemy\engine\base.py", line 1419, in execute
    return meth(
        self,
        distilled_parameters,
        execution_options or NO_OPTIONS,
    )
  File "C:\ijhwang\숨고\김나경님\knh\venv\Lib\site-packages\sqlalchemy\sql\elements.py", line 526, in _execute_on_connection
    return connection._execute_clauseelement(
           ~~~~~~~~~~~~~~~~~~~~~~~~~~~~~~~~~^
        self, distilled_params, execution_options
        ^^^^^^^^^^^^^^^^^^^^^^^^^^^^^^^^^^^^^^^^^
    )
    ^
  File "C:\ijhwang\숨고\김나경님\knh\venv\Lib\site-packages\sqlalchemy\engine\base.py", line 1641, in _execute_clauseelement
    ret = self._execute_context(
        dialect,
    ...<8 lines>...
        cache_hit=cache_hit,
    )
  File "C:\ijhwang\숨고\김나경님\knh\venv\Lib\site-packages\sqlalchemy\engine\base.py", line 1846, in _execute_context
    return self._exec_single_context(
           ~~~~~~~~~~~~~~~~~~~~~~~~~^
        dialect, context, statement, parameters
        ^^^^^^^^^^^^^^^^^^^^^^^^^^^^^^^^^^^^^^^
    )
    ^
  File "C:\ijhwang\숨고\김나경님\knh\venv\Lib\site-packages\sqlalchemy\engine\base.py", line 1986, in _exec_single_context
    self._handle_dbapi_exception(
    ~~~~~~~~~~~~~~~~~~~~~~~~~~~~^
        e, str_statement, effective_parameters, cursor, context
        ^^^^^^^^^^^^^^^^^^^^^^^^^^^^^^^^^^^^^^^^^^^^^^^^^^^^^^^
    )
    ^
  File "C:\ijhwang\숨고\김나경님\knh\venv\Lib\site-packages\sqlalchemy\engine\base.py", line 2355, in _handle_dbapi_exception
    raise sqlalchemy_exception.with_traceback(exc_info[2]) from e
  File "C:\ijhwang\숨고\김나경님\knh\venv\Lib\site-packages\sqlalchemy\engine\base.py", line 1967, in _exec_single_context
    self.dialect.do_execute(
    ~~~~~~~~~~~~~~~~~~~~~~~^
        cursor, str_statement, effective_parameters, context
        ^^^^^^^^^^^^^^^^^^^^^^^^^^^^^^^^^^^^^^^^^^^^^^^^^^^^
    )
    ^
  File "C:\ijhwang\숨고\김나경님\knh\venv\Lib\site-packages\sqlalchemy\engine\default.py", line 951, in do_execute
    cursor.execute(statement, parameters)
    ~~~~~~~~~~~~~~^^^^^^^^^^^^^^^^^^^^^^^
  File "C:\ijhwang\숨고\김나경님\knh\venv\Lib\site-packages\sqlalchemy\dialects\sqlite\aiosqlite.py", line 180, in execute
    self._adapt_connection._handle_exception(error)
    ~~~~~~~~~~~~~~~~~~~~~~~~~~~~~~~~~~~~~~~~^^^^^^^
  File "C:\ijhwang\숨고\김나경님\knh\venv\Lib\site-packages\sqlalchemy\dialects\sqlite\aiosqlite.py", line 340, in _handle_exception
    raise error
  File "C:\ijhwang\숨고\김나경님\knh\venv\Lib\site-packages\sqlalchemy\dialects\sqlite\aiosqlite.py", line 162, in execute
    self.await_(_cursor.execute(operation, parameters))
    ~~~~~~~~~~~^^^^^^^^^^^^^^^^^^^^^^^^^^^^^^^^^^^^^^^^
  File "C:\ijhwang\숨고\김나경님\knh\venv\Lib\site-packages\sqlalchemy\util\_concurrency_py3k.py", line 132, in await_only
    return current.parent.switch(awaitable)  # type: ignore[no-any-return,attr-defined] # noqa: E501
           ~~~~~~~~~~~~~~~~~~~~~^^^^^^^^^^^
  File "C:\ijhwang\숨고\김나경님\knh\venv\Lib\site-packages\sqlalchemy\util\_concurrency_py3k.py", line 196, in greenlet_spawn
    value = await result
            ^^^^^^^^^^^^
  File "C:\ijhwang\숨고\김나경님\knh\venv\Lib\site-packages\aiosqlite\cursor.py", line 40, in execute
    await self._execute(self._cursor.execute, sql, parameters)
  File "C:\ijhwang\숨고\김나경님\knh\venv\Lib\site-packages\aiosqlite\cursor.py", line 32, in _execute
    return await self._conn._execute(fn, *args, **kwargs)
           ^^^^^^^^^^^^^^^^^^^^^^^^^^^^^^^^^^^^^^^^^^^^^^
  File "C:\ijhwang\숨고\김나경님\knh\venv\Lib\site-packages\aiosqlite\core.py", line 122, in _execute
    return await future
           ^^^^^^^^^^^^
  File "C:\ijhwang\숨고\김나경님\knh\venv\Lib\site-packages\aiosqlite\core.py", line 105, in run
    result = function()
sqlalchemy.exc.OperationalError: (sqlite3.OperationalError) no such table: users
[SQL: SELECT users.email, users.username, users.hashed_password, users.is_active, users.id, users.created_at, users.updated_at 
FROM users 
WHERE users.email = ?]
[parameters: ('user@example.com',)]
(Background on this error at: https://sqlalche.me/e/20/e3q8)
2025-12-05 22:27:46 - [bd8103e4-f4a5-4a58-a802-bed61a2d9cfa] - app.middleware.logging_middleware - ERROR - ❌ Error: POST /users - Error: (sqlite3.OperationalError) no such table: users
[SQL: SELECT users.email, users.username, users.hashed_password, users.is_active, users.id, users.created_at, users.updated_at 
FROM users 
WHERE users.email = ?]
[parameters: ('user@example.com',)]
(Background on this error at: https://sqlalche.me/e/20/e3q8) - Time: 0.027s
Traceback (most recent call last):
  File "C:\ijhwang\숨고\김나경님\knh\venv\Lib\site-packages\sqlalchemy\engine\base.py", line 1967, in _exec_single_context
    self.dialect.do_execute(
    ~~~~~~~~~~~~~~~~~~~~~~~^
        cursor, str_statement, effective_parameters, context
        ^^^^^^^^^^^^^^^^^^^^^^^^^^^^^^^^^^^^^^^^^^^^^^^^^^^^
    )
    ^
  File "C:\ijhwang\숨고\김나경님\knh\venv\Lib\site-packages\sqlalchemy\engine\default.py", line 951, in do_execute
    cursor.execute(statement, parameters)
    ~~~~~~~~~~~~~~^^^^^^^^^^^^^^^^^^^^^^^
  File "C:\ijhwang\숨고\김나경님\knh\venv\Lib\site-packages\sqlalchemy\dialects\sqlite\aiosqlite.py", line 180, in execute
    self._adapt_connection._handle_exception(error)
    ~~~~~~~~~~~~~~~~~~~~~~~~~~~~~~~~~~~~~~~~^^^^^^^
  File "C:\ijhwang\숨고\김나경님\knh\venv\Lib\site-packages\sqlalchemy\dialects\sqlite\aiosqlite.py", line 340, in _handle_exception
    raise error
  File "C:\ijhwang\숨고\김나경님\knh\venv\Lib\site-packages\sqlalchemy\dialects\sqlite\aiosqlite.py", line 162, in execute
    self.await_(_cursor.execute(operation, parameters))
    ~~~~~~~~~~~^^^^^^^^^^^^^^^^^^^^^^^^^^^^^^^^^^^^^^^^
  File "C:\ijhwang\숨고\김나경님\knh\venv\Lib\site-packages\sqlalchemy\util\_concurrency_py3k.py", line 132, in await_only
    return current.parent.switch(awaitable)  # type: ignore[no-any-return,attr-defined] # noqa: E501
           ~~~~~~~~~~~~~~~~~~~~~^^^^^^^^^^^
  File "C:\ijhwang\숨고\김나경님\knh\venv\Lib\site-packages\sqlalchemy\util\_concurrency_py3k.py", line 196, in greenlet_spawn
    value = await result
            ^^^^^^^^^^^^
  File "C:\ijhwang\숨고\김나경님\knh\venv\Lib\site-packages\aiosqlite\cursor.py", line 40, in execute
    await self._execute(self._cursor.execute, sql, parameters)
  File "C:\ijhwang\숨고\김나경님\knh\venv\Lib\site-packages\aiosqlite\cursor.py", line 32, in _execute
    return await self._conn._execute(fn, *args, **kwargs)
           ^^^^^^^^^^^^^^^^^^^^^^^^^^^^^^^^^^^^^^^^^^^^^^
  File "C:\ijhwang\숨고\김나경님\knh\venv\Lib\site-packages\aiosqlite\core.py", line 122, in _execute
    return await future
           ^^^^^^^^^^^^
  File "C:\ijhwang\숨고\김나경님\knh\venv\Lib\site-packages\aiosqlite\core.py", line 105, in run
    result = function()
sqlite3.OperationalError: no such table: users

The above exception was the direct cause of the following exception:

Traceback (most recent call last):
  File "C:\ijhwang\숨고\김나경님\knh\app\middleware\logging_middleware.py", line 26, in dispatch
    response = await call_next(request)
               ^^^^^^^^^^^^^^^^^^^^^^^^
  File "C:\ijhwang\숨고\김나경님\knh\venv\Lib\site-packages\starlette\middleware\base.py", line 168, in call_next
    raise app_exc from app_exc.__cause__ or app_exc.__context__
  File "C:\ijhwang\숨고\김나경님\knh\venv\Lib\site-packages\starlette\middleware\base.py", line 144, in coro
    await self.app(scope, receive_or_disconnect, send_no_error)
  File "C:\ijhwang\숨고\김나경님\knh\venv\Lib\site-packages\starlette\middleware\cors.py", line 93, in __call__
    await self.simple_response(scope, receive, send, request_headers=headers)
  File "C:\ijhwang\숨고\김나경님\knh\venv\Lib\site-packages\starlette\middleware\cors.py", line 144, in simple_response
    await self.app(scope, receive, send)
  File "C:\ijhwang\숨고\김나경님\knh\venv\Lib\site-packages\starlette\middleware\exceptions.py", line 63, in __call__
    await wrap_app_handling_exceptions(self.app, conn)(scope, receive, send)
  File "C:\ijhwang\숨고\김나경님\knh\venv\Lib\site-packages\starlette\_exception_handler.py", line 53, in wrapped_app
    raise exc
  File "C:\ijhwang\숨고\김나경님\knh\venv\Lib\site-packages\starlette\_exception_handler.py", line 42, in wrapped_app
    await app(scope, receive, sender)
  File "C:\ijhwang\숨고\김나경님\knh\venv\Lib\site-packages\fastapi\middleware\asyncexitstack.py", line 18, in __call__
    await self.app(scope, receive, send)
  File "C:\ijhwang\숨고\김나경님\knh\venv\Lib\site-packages\starlette\routing.py", line 716, in __call__
    await self.middleware_stack(scope, receive, send)
  File "C:\ijhwang\숨고\김나경님\knh\venv\Lib\site-packages\starlette\routing.py", line 736, in app
    await route.handle(scope, receive, send)
  File "C:\ijhwang\숨고\김나경님\knh\venv\Lib\site-packages\starlette\routing.py", line 290, in handle
    await self.app(scope, receive, send)
  File "C:\ijhwang\숨고\김나경님\knh\venv\Lib\site-packages\fastapi\routing.py", line 119, in app
    await wrap_app_handling_exceptions(app, request)(scope, receive, send)
  File "C:\ijhwang\숨고\김나경님\knh\venv\Lib\site-packages\starlette\_exception_handler.py", line 53, in wrapped_app
    raise exc
  File "C:\ijhwang\숨고\김나경님\knh\venv\Lib\site-packages\starlette\_exception_handler.py", line 42, in wrapped_app
    await app(scope, receive, sender)
  File "C:\ijhwang\숨고\김나경님\knh\venv\Lib\site-packages\fastapi\routing.py", line 105, in app
    response = await f(request)
               ^^^^^^^^^^^^^^^^
  File "C:\ijhwang\숨고\김나경님\knh\venv\Lib\site-packages\fastapi\routing.py", line 385, in app
    raw_response = await run_endpoint_function(
                   ^^^^^^^^^^^^^^^^^^^^^^^^^^^^
    ...<3 lines>...
    )
    ^
  File "C:\ijhwang\숨고\김나경님\knh\venv\Lib\site-packages\fastapi\routing.py", line 284, in run_endpoint_function
    return await dependant.call(**values)
           ^^^^^^^^^^^^^^^^^^^^^^^^^^^^^^
  File "C:\ijhwang\숨고\김나경님\knh\app\domains\users\routers\user_router.py", line 30, in create_user
    user = await service.create_user(db, user_data)
           ^^^^^^^^^^^^^^^^^^^^^^^^^^^^^^^^^^^^^^^^
  File "C:\ijhwang\숨고\김나경님\knh\app\utils\transaction.py", line 41, in wrapper
    result = await func(*args, **kwargs)
             ^^^^^^^^^^^^^^^^^^^^^^^^^^^
  File "C:\ijhwang\숨고\김나경님\knh\app\domains\users\services\user_service.py", line 25, in create_user
    existing_user = await self.repository.get_by_email(db, user_data.email)
                    ^^^^^^^^^^^^^^^^^^^^^^^^^^^^^^^^^^^^^^^^^^^^^^^^^^^^^^^
  File "C:\ijhwang\숨고\김나경님\knh\app\domains\users\repositories\user_repository.py", line 35, in get_by_email
    result = await db.execute(select(User).where(User.email == email))
             ^^^^^^^^^^^^^^^^^^^^^^^^^^^^^^^^^^^^^^^^^^^^^^^^^^^^^^^^^
  File "C:\ijhwang\숨고\김나경님\knh\venv\Lib\site-packages\sqlalchemy\ext\asyncio\session.py", line 449, in execute
    result = await greenlet_spawn(
             ^^^^^^^^^^^^^^^^^^^^^
    ...<6 lines>...
    )
    ^
  File "C:\ijhwang\숨고\김나경님\knh\venv\Lib\site-packages\sqlalchemy\util\_concurrency_py3k.py", line 201, in greenlet_spawn
    result = context.throw(*sys.exc_info())
  File "C:\ijhwang\숨고\김나경님\knh\venv\Lib\site-packages\sqlalchemy\orm\session.py", line 2351, in execute
    return self._execute_internal(
           ~~~~~~~~~~~~~~~~~~~~~~^
        statement,
        ^^^^^^^^^^
    ...<4 lines>...
        _add_event=_add_event,
        ^^^^^^^^^^^^^^^^^^^^^^
    )
    ^
  File "C:\ijhwang\숨고\김나경님\knh\venv\Lib\site-packages\sqlalchemy\orm\session.py", line 2249, in _execute_internal
    result: Result[Any] = compile_state_cls.orm_execute_statement(
                          ~~~~~~~~~~~~~~~~~~~~~~~~~~~~~~~~~~~~~~~^
        self,
        ^^^^^
    ...<4 lines>...
        conn,
        ^^^^^
    )
    ^
  File "C:\ijhwang\숨고\김나경님\knh\venv\Lib\site-packages\sqlalchemy\orm\context.py", line 306, in orm_execute_statement
    result = conn.execute(
        statement, params or {}, execution_options=execution_options
    )
  File "C:\ijhwang\숨고\김나경님\knh\venv\Lib\site-packages\sqlalchemy\engine\base.py", line 1419, in execute
    return meth(
        self,
        distilled_parameters,
        execution_options or NO_OPTIONS,
    )
  File "C:\ijhwang\숨고\김나경님\knh\venv\Lib\site-packages\sqlalchemy\sql\elements.py", line 526, in _execute_on_connection
    return connection._execute_clauseelement(
           ~~~~~~~~~~~~~~~~~~~~~~~~~~~~~~~~~^
        self, distilled_params, execution_options
        ^^^^^^^^^^^^^^^^^^^^^^^^^^^^^^^^^^^^^^^^^
    )
    ^
  File "C:\ijhwang\숨고\김나경님\knh\venv\Lib\site-packages\sqlalchemy\engine\base.py", line 1641, in _execute_clauseelement
    ret = self._execute_context(
        dialect,
    ...<8 lines>...
        cache_hit=cache_hit,
    )
  File "C:\ijhwang\숨고\김나경님\knh\venv\Lib\site-packages\sqlalchemy\engine\base.py", line 1846, in _execute_context
    return self._exec_single_context(
           ~~~~~~~~~~~~~~~~~~~~~~~~~^
        dialect, context, statement, parameters
        ^^^^^^^^^^^^^^^^^^^^^^^^^^^^^^^^^^^^^^^
    )
    ^
  File "C:\ijhwang\숨고\김나경님\knh\venv\Lib\site-packages\sqlalchemy\engine\base.py", line 1986, in _exec_single_context
    self._handle_dbapi_exception(
    ~~~~~~~~~~~~~~~~~~~~~~~~~~~~^
        e, str_statement, effective_parameters, cursor, context
        ^^^^^^^^^^^^^^^^^^^^^^^^^^^^^^^^^^^^^^^^^^^^^^^^^^^^^^^
    )
    ^
  File "C:\ijhwang\숨고\김나경님\knh\venv\Lib\site-packages\sqlalchemy\engine\base.py", line 2355, in _handle_dbapi_exception
    raise sqlalchemy_exception.with_traceback(exc_info[2]) from e
  File "C:\ijhwang\숨고\김나경님\knh\venv\Lib\site-packages\sqlalchemy\engine\base.py", line 1967, in _exec_single_context
    self.dialect.do_execute(
    ~~~~~~~~~~~~~~~~~~~~~~~^
        cursor, str_statement, effective_parameters, context
        ^^^^^^^^^^^^^^^^^^^^^^^^^^^^^^^^^^^^^^^^^^^^^^^^^^^^
    )
    ^
  File "C:\ijhwang\숨고\김나경님\knh\venv\Lib\site-packages\sqlalchemy\engine\default.py", line 951, in do_execute
    cursor.execute(statement, parameters)
    ~~~~~~~~~~~~~~^^^^^^^^^^^^^^^^^^^^^^^
  File "C:\ijhwang\숨고\김나경님\knh\venv\Lib\site-packages\sqlalchemy\dialects\sqlite\aiosqlite.py", line 180, in execute
    self._adapt_connection._handle_exception(error)
    ~~~~~~~~~~~~~~~~~~~~~~~~~~~~~~~~~~~~~~~~^^^^^^^
  File "C:\ijhwang\숨고\김나경님\knh\venv\Lib\site-packages\sqlalchemy\dialects\sqlite\aiosqlite.py", line 340, in _handle_exception
    raise error
  File "C:\ijhwang\숨고\김나경님\knh\venv\Lib\site-packages\sqlalchemy\dialects\sqlite\aiosqlite.py", line 162, in execute
    self.await_(_cursor.execute(operation, parameters))
    ~~~~~~~~~~~^^^^^^^^^^^^^^^^^^^^^^^^^^^^^^^^^^^^^^^^
  File "C:\ijhwang\숨고\김나경님\knh\venv\Lib\site-packages\sqlalchemy\util\_concurrency_py3k.py", line 132, in await_only
    return current.parent.switch(awaitable)  # type: ignore[no-any-return,attr-defined] # noqa: E501
           ~~~~~~~~~~~~~~~~~~~~~^^^^^^^^^^^
  File "C:\ijhwang\숨고\김나경님\knh\venv\Lib\site-packages\sqlalchemy\util\_concurrency_py3k.py", line 196, in greenlet_spawn
    value = await result
            ^^^^^^^^^^^^
  File "C:\ijhwang\숨고\김나경님\knh\venv\Lib\site-packages\aiosqlite\cursor.py", line 40, in execute
    await self._execute(self._cursor.execute, sql, parameters)
  File "C:\ijhwang\숨고\김나경님\knh\venv\Lib\site-packages\aiosqlite\cursor.py", line 32, in _execute
    return await self._conn._execute(fn, *args, **kwargs)
           ^^^^^^^^^^^^^^^^^^^^^^^^^^^^^^^^^^^^^^^^^^^^^^
  File "C:\ijhwang\숨고\김나경님\knh\venv\Lib\site-packages\aiosqlite\core.py", line 122, in _execute
    return await future
           ^^^^^^^^^^^^
  File "C:\ijhwang\숨고\김나경님\knh\venv\Lib\site-packages\aiosqlite\core.py", line 105, in run
    result = function()
sqlalchemy.exc.OperationalError: (sqlite3.OperationalError) no such table: users
[SQL: SELECT users.email, users.username, users.hashed_password, users.is_active, users.id, users.created_at, users.updated_at 
FROM users 
WHERE users.email = ?]
[parameters: ('user@example.com',)]
(Background on this error at: https://sqlalche.me/e/20/e3q8)
2025-12-05 22:27:46 - [no-trace] - app.handlers.exception_handlers - ERROR - ❌ Unhandled Exception: OperationalError - (sqlite3.OperationalError) no such table: users
[SQL: SELECT users.email, users.username, users.hashed_password, users.is_active, users.id, users.created_at, users.updated_at 
FROM users 
WHERE users.email = ?]
[parameters: ('user@example.com',)]
(Background on this error at: https://sqlalche.me/e/20/e3q8)
Traceback (most recent call last):
  File "C:\ijhwang\숨고\김나경님\knh\venv\Lib\site-packages\sqlalchemy\engine\base.py", line 1967, in _exec_single_context
    self.dialect.do_execute(
    ~~~~~~~~~~~~~~~~~~~~~~~^
        cursor, str_statement, effective_parameters, context
        ^^^^^^^^^^^^^^^^^^^^^^^^^^^^^^^^^^^^^^^^^^^^^^^^^^^^
    )
    ^
  File "C:\ijhwang\숨고\김나경님\knh\venv\Lib\site-packages\sqlalchemy\engine\default.py", line 951, in do_execute
    cursor.execute(statement, parameters)
    ~~~~~~~~~~~~~~^^^^^^^^^^^^^^^^^^^^^^^
  File "C:\ijhwang\숨고\김나경님\knh\venv\Lib\site-packages\sqlalchemy\dialects\sqlite\aiosqlite.py", line 180, in execute
    self._adapt_connection._handle_exception(error)
    ~~~~~~~~~~~~~~~~~~~~~~~~~~~~~~~~~~~~~~~~^^^^^^^
  File "C:\ijhwang\숨고\김나경님\knh\venv\Lib\site-packages\sqlalchemy\dialects\sqlite\aiosqlite.py", line 340, in _handle_exception
    raise error
  File "C:\ijhwang\숨고\김나경님\knh\venv\Lib\site-packages\sqlalchemy\dialects\sqlite\aiosqlite.py", line 162, in execute
    self.await_(_cursor.execute(operation, parameters))
    ~~~~~~~~~~~^^^^^^^^^^^^^^^^^^^^^^^^^^^^^^^^^^^^^^^^
  File "C:\ijhwang\숨고\김나경님\knh\venv\Lib\site-packages\sqlalchemy\util\_concurrency_py3k.py", line 132, in await_only
    return current.parent.switch(awaitable)  # type: ignore[no-any-return,attr-defined] # noqa: E501
           ~~~~~~~~~~~~~~~~~~~~~^^^^^^^^^^^
  File "C:\ijhwang\숨고\김나경님\knh\venv\Lib\site-packages\sqlalchemy\util\_concurrency_py3k.py", line 196, in greenlet_spawn
    value = await result
            ^^^^^^^^^^^^
  File "C:\ijhwang\숨고\김나경님\knh\venv\Lib\site-packages\aiosqlite\cursor.py", line 40, in execute
    await self._execute(self._cursor.execute, sql, parameters)
  File "C:\ijhwang\숨고\김나경님\knh\venv\Lib\site-packages\aiosqlite\cursor.py", line 32, in _execute
    return await self._conn._execute(fn, *args, **kwargs)
           ^^^^^^^^^^^^^^^^^^^^^^^^^^^^^^^^^^^^^^^^^^^^^^
  File "C:\ijhwang\숨고\김나경님\knh\venv\Lib\site-packages\aiosqlite\core.py", line 122, in _execute
    return await future
           ^^^^^^^^^^^^
  File "C:\ijhwang\숨고\김나경님\knh\venv\Lib\site-packages\aiosqlite\core.py", line 105, in run
    result = function()
sqlite3.OperationalError: no such table: users

The above exception was the direct cause of the following exception:

Traceback (most recent call last):
  File "C:\ijhwang\숨고\김나경님\knh\venv\Lib\site-packages\starlette\middleware\errors.py", line 164, in __call__
    await self.app(scope, receive, _send)
  File "C:\ijhwang\숨고\김나경님\knh\venv\Lib\site-packages\starlette\middleware\base.py", line 191, in __call__
    with recv_stream, send_stream, collapse_excgroups():
                                   ~~~~~~~~~~~~~~~~~~^^
  File "C:\Users\ijhwang\AppData\Local\Programs\Python\Python314\Lib\contextlib.py", line 162, in __exit__
    self.gen.throw(value)
    ~~~~~~~~~~~~~~^^^^^^^
  File "C:\ijhwang\숨고\김나경님\knh\venv\Lib\site-packages\starlette\_utils.py", line 85, in collapse_excgroups
    raise exc
  File "C:\ijhwang\숨고\김나경님\knh\venv\Lib\site-packages\starlette\middleware\base.py", line 193, in __call__
    response = await self.dispatch_func(request, call_next)
               ^^^^^^^^^^^^^^^^^^^^^^^^^^^^^^^^^^^^^^^^^^^^
  File "C:\ijhwang\숨고\김나경님\knh\app\middleware\logging_middleware.py", line 26, in dispatch
    response = await call_next(request)
               ^^^^^^^^^^^^^^^^^^^^^^^^
  File "C:\ijhwang\숨고\김나경님\knh\venv\Lib\site-packages\starlette\middleware\base.py", line 168, in call_next
    raise app_exc from app_exc.__cause__ or app_exc.__context__
  File "C:\ijhwang\숨고\김나경님\knh\venv\Lib\site-packages\starlette\middleware\base.py", line 144, in coro
    await self.app(scope, receive_or_disconnect, send_no_error)
  File "C:\ijhwang\숨고\김나경님\knh\venv\Lib\site-packages\starlette\middleware\cors.py", line 93, in __call__
    await self.simple_response(scope, receive, send, request_headers=headers)
  File "C:\ijhwang\숨고\김나경님\knh\venv\Lib\site-packages\starlette\middleware\cors.py", line 144, in simple_response
    await self.app(scope, receive, send)
  File "C:\ijhwang\숨고\김나경님\knh\venv\Lib\site-packages\starlette\middleware\exceptions.py", line 63, in __call__
    await wrap_app_handling_exceptions(self.app, conn)(scope, receive, send)
  File "C:\ijhwang\숨고\김나경님\knh\venv\Lib\site-packages\starlette\_exception_handler.py", line 53, in wrapped_app
    raise exc
  File "C:\ijhwang\숨고\김나경님\knh\venv\Lib\site-packages\starlette\_exception_handler.py", line 42, in wrapped_app
    await app(scope, receive, sender)
  File "C:\ijhwang\숨고\김나경님\knh\venv\Lib\site-packages\fastapi\middleware\asyncexitstack.py", line 18, in __call__
    await self.app(scope, receive, send)
  File "C:\ijhwang\숨고\김나경님\knh\venv\Lib\site-packages\starlette\routing.py", line 716, in __call__
    await self.middleware_stack(scope, receive, send)
  File "C:\ijhwang\숨고\김나경님\knh\venv\Lib\site-packages\starlette\routing.py", line 736, in app
    await route.handle(scope, receive, send)
  File "C:\ijhwang\숨고\김나경님\knh\venv\Lib\site-packages\starlette\routing.py", line 290, in handle
    await self.app(scope, receive, send)
  File "C:\ijhwang\숨고\김나경님\knh\venv\Lib\site-packages\fastapi\routing.py", line 119, in app
    await wrap_app_handling_exceptions(app, request)(scope, receive, send)
  File "C:\ijhwang\숨고\김나경님\knh\venv\Lib\site-packages\starlette\_exception_handler.py", line 53, in wrapped_app
    raise exc
  File "C:\ijhwang\숨고\김나경님\knh\venv\Lib\site-packages\starlette\_exception_handler.py", line 42, in wrapped_app
    await app(scope, receive, sender)
  File "C:\ijhwang\숨고\김나경님\knh\venv\Lib\site-packages\fastapi\routing.py", line 105, in app
    response = await f(request)
               ^^^^^^^^^^^^^^^^
  File "C:\ijhwang\숨고\김나경님\knh\venv\Lib\site-packages\fastapi\routing.py", line 385, in app
    raw_response = await run_endpoint_function(
                   ^^^^^^^^^^^^^^^^^^^^^^^^^^^^
    ...<3 lines>...
    )
    ^
  File "C:\ijhwang\숨고\김나경님\knh\venv\Lib\site-packages\fastapi\routing.py", line 284, in run_endpoint_function
    return await dependant.call(**values)
           ^^^^^^^^^^^^^^^^^^^^^^^^^^^^^^
  File "C:\ijhwang\숨고\김나경님\knh\app\domains\users\routers\user_router.py", line 30, in create_user
    user = await service.create_user(db, user_data)
           ^^^^^^^^^^^^^^^^^^^^^^^^^^^^^^^^^^^^^^^^
  File "C:\ijhwang\숨고\김나경님\knh\app\utils\transaction.py", line 41, in wrapper
    result = await func(*args, **kwargs)
             ^^^^^^^^^^^^^^^^^^^^^^^^^^^
  File "C:\ijhwang\숨고\김나경님\knh\app\domains\users\services\user_service.py", line 25, in create_user
    existing_user = await self.repository.get_by_email(db, user_data.email)
                    ^^^^^^^^^^^^^^^^^^^^^^^^^^^^^^^^^^^^^^^^^^^^^^^^^^^^^^^
  File "C:\ijhwang\숨고\김나경님\knh\app\domains\users\repositories\user_repository.py", line 35, in get_by_email
    result = await db.execute(select(User).where(User.email == email))
             ^^^^^^^^^^^^^^^^^^^^^^^^^^^^^^^^^^^^^^^^^^^^^^^^^^^^^^^^^
  File "C:\ijhwang\숨고\김나경님\knh\venv\Lib\site-packages\sqlalchemy\ext\asyncio\session.py", line 449, in execute
    result = await greenlet_spawn(
             ^^^^^^^^^^^^^^^^^^^^^
    ...<6 lines>...
    )
    ^
  File "C:\ijhwang\숨고\김나경님\knh\venv\Lib\site-packages\sqlalchemy\util\_concurrency_py3k.py", line 201, in greenlet_spawn
    result = context.throw(*sys.exc_info())
  File "C:\ijhwang\숨고\김나경님\knh\venv\Lib\site-packages\sqlalchemy\orm\session.py", line 2351, in execute
    return self._execute_internal(
           ~~~~~~~~~~~~~~~~~~~~~~^
        statement,
        ^^^^^^^^^^
    ...<4 lines>...
        _add_event=_add_event,
        ^^^^^^^^^^^^^^^^^^^^^^
    )
    ^
  File "C:\ijhwang\숨고\김나경님\knh\venv\Lib\site-packages\sqlalchemy\orm\session.py", line 2249, in _execute_internal
    result: Result[Any] = compile_state_cls.orm_execute_statement(
                          ~~~~~~~~~~~~~~~~~~~~~~~~~~~~~~~~~~~~~~~^
        self,
        ^^^^^
    ...<4 lines>...
        conn,
        ^^^^^
    )
    ^
  File "C:\ijhwang\숨고\김나경님\knh\venv\Lib\site-packages\sqlalchemy\orm\context.py", line 306, in orm_execute_statement
    result = conn.execute(
        statement, params or {}, execution_options=execution_options
    )
  File "C:\ijhwang\숨고\김나경님\knh\venv\Lib\site-packages\sqlalchemy\engine\base.py", line 1419, in execute
    return meth(
        self,
        distilled_parameters,
        execution_options or NO_OPTIONS,
    )
  File "C:\ijhwang\숨고\김나경님\knh\venv\Lib\site-packages\sqlalchemy\sql\elements.py", line 526, in _execute_on_connection
    return connection._execute_clauseelement(
           ~~~~~~~~~~~~~~~~~~~~~~~~~~~~~~~~~^
        self, distilled_params, execution_options
        ^^^^^^^^^^^^^^^^^^^^^^^^^^^^^^^^^^^^^^^^^
    )
    ^
  File "C:\ijhwang\숨고\김나경님\knh\venv\Lib\site-packages\sqlalchemy\engine\base.py", line 1641, in _execute_clauseelement
    ret = self._execute_context(
        dialect,
    ...<8 lines>...
        cache_hit=cache_hit,
    )
  File "C:\ijhwang\숨고\김나경님\knh\venv\Lib\site-packages\sqlalchemy\engine\base.py", line 1846, in _execute_context
    return self._exec_single_context(
           ~~~~~~~~~~~~~~~~~~~~~~~~~^
        dialect, context, statement, parameters
        ^^^^^^^^^^^^^^^^^^^^^^^^^^^^^^^^^^^^^^^
    )
    ^
  File "C:\ijhwang\숨고\김나경님\knh\venv\Lib\site-packages\sqlalchemy\engine\base.py", line 1986, in _exec_single_context
    self._handle_dbapi_exception(
    ~~~~~~~~~~~~~~~~~~~~~~~~~~~~^
        e, str_statement, effective_parameters, cursor, context
        ^^^^^^^^^^^^^^^^^^^^^^^^^^^^^^^^^^^^^^^^^^^^^^^^^^^^^^^
    )
    ^
  File "C:\ijhwang\숨고\김나경님\knh\venv\Lib\site-packages\sqlalchemy\engine\base.py", line 2355, in _handle_dbapi_exception
    raise sqlalchemy_exception.with_traceback(exc_info[2]) from e
  File "C:\ijhwang\숨고\김나경님\knh\venv\Lib\site-packages\sqlalchemy\engine\base.py", line 1967, in _exec_single_context
    self.dialect.do_execute(
    ~~~~~~~~~~~~~~~~~~~~~~~^
        cursor, str_statement, effective_parameters, context
        ^^^^^^^^^^^^^^^^^^^^^^^^^^^^^^^^^^^^^^^^^^^^^^^^^^^^
    )
    ^
  File "C:\ijhwang\숨고\김나경님\knh\venv\Lib\site-packages\sqlalchemy\engine\default.py", line 951, in do_execute
    cursor.execute(statement, parameters)
    ~~~~~~~~~~~~~~^^^^^^^^^^^^^^^^^^^^^^^
  File "C:\ijhwang\숨고\김나경님\knh\venv\Lib\site-packages\sqlalchemy\dialects\sqlite\aiosqlite.py", line 180, in execute
    self._adapt_connection._handle_exception(error)
    ~~~~~~~~~~~~~~~~~~~~~~~~~~~~~~~~~~~~~~~~^^^^^^^
  File "C:\ijhwang\숨고\김나경님\knh\venv\Lib\site-packages\sqlalchemy\dialects\sqlite\aiosqlite.py", line 340, in _handle_exception
    raise error
  File "C:\ijhwang\숨고\김나경님\knh\venv\Lib\site-packages\sqlalchemy\dialects\sqlite\aiosqlite.py", line 162, in execute
    self.await_(_cursor.execute(operation, parameters))
    ~~~~~~~~~~~^^^^^^^^^^^^^^^^^^^^^^^^^^^^^^^^^^^^^^^^
  File "C:\ijhwang\숨고\김나경님\knh\venv\Lib\site-packages\sqlalchemy\util\_concurrency_py3k.py", line 132, in await_only
    return current.parent.switch(awaitable)  # type: ignore[no-any-return,attr-defined] # noqa: E501
           ~~~~~~~~~~~~~~~~~~~~~^^^^^^^^^^^
  File "C:\ijhwang\숨고\김나경님\knh\venv\Lib\site-packages\sqlalchemy\util\_concurrency_py3k.py", line 196, in greenlet_spawn
    value = await result
            ^^^^^^^^^^^^
  File "C:\ijhwang\숨고\김나경님\knh\venv\Lib\site-packages\aiosqlite\cursor.py", line 40, in execute
    await self._execute(self._cursor.execute, sql, parameters)
  File "C:\ijhwang\숨고\김나경님\knh\venv\Lib\site-packages\aiosqlite\cursor.py", line 32, in _execute
    return await self._conn._execute(fn, *args, **kwargs)
           ^^^^^^^^^^^^^^^^^^^^^^^^^^^^^^^^^^^^^^^^^^^^^^
  File "C:\ijhwang\숨고\김나경님\knh\venv\Lib\site-packages\aiosqlite\core.py", line 122, in _execute
    return await future
           ^^^^^^^^^^^^
  File "C:\ijhwang\숨고\김나경님\knh\venv\Lib\site-packages\aiosqlite\core.py", line 105, in run
    result = function()
sqlalchemy.exc.OperationalError: (sqlite3.OperationalError) no such table: users
[SQL: SELECT users.email, users.username, users.hashed_password, users.is_active, users.id, users.created_at, users.updated_at 
FROM users 
WHERE users.email = ?]
[parameters: ('user@example.com',)]
(Background on this error at: https://sqlalche.me/e/20/e3q8)
2025-12-10 21:53:43 - [c1896d8a-bc0b-4c07-bf49-8cdaecb46553] - app.handlers.exception_handlers - ERROR - ❌ Custom Exception: KLIPPER_CONNECTION_ERROR - Klipper 서버에 연결할 수 없습니다
2025-12-30 21:44:04 - [0524282e-2e41-4fb8-8309-a9a17dc231dd] - app.handlers.exception_handlers - ERROR - ❌ Custom Exception: KLIPPER_CONNECTION_ERROR - Klipper 서버에 연결할 수 없습니다
2025-12-30 21:45:14 - [e7df6251-285c-4c32-a05b-0964b01abec2] - app.handlers.exception_handlers - ERROR - ❌ Custom Exception: KLIPPER_CONNECTION_ERROR - Klipper 서버에 연결할 수 없습니다
2025-12-30 21:48:37 - [ac03d6d5-6c3d-4007-bfcc-9dd9248bc4bc] - app.handlers.exception_handlers - ERROR - ❌ Custom Exception: KLIPPER_CONNECTION_ERROR - Klipper 서버에 연결할 수 없습니다
2025-12-30 21:53:03 - [96f5364b-14e0-45ce-8824-227c04ce9569] - app.handlers.exception_handlers - ERROR - ❌ Custom Exception: KLIPPER_CONNECTION_ERROR - Klipper 서버에 연결할 수 없습니다
2025-12-30 21:53:25 - [16d75191-0204-46fc-8b75-3a00a76bd84d] - app.middleware.logging_middleware - ERROR - ❌ Error: POST /shaker/orbital - Error: name 'moonraker_response' is not defined - Time: 0.002s
Traceback (most recent call last):
  File "C:\ijhwang\숨고\김나경님\knh\app\middleware\logging_middleware.py", line 26, in dispatch
    response = await call_next(request)
               ^^^^^^^^^^^^^^^^^^^^^^^^
  File "C:\ijhwang\숨고\김나경님\knh\venv\Lib\site-packages\starlette\middleware\base.py", line 168, in call_next
    raise app_exc from app_exc.__cause__ or app_exc.__context__
  File "C:\ijhwang\숨고\김나경님\knh\venv\Lib\site-packages\starlette\middleware\base.py", line 144, in coro
    await self.app(scope, receive_or_disconnect, send_no_error)
  File "C:\ijhwang\숨고\김나경님\knh\venv\Lib\site-packages\starlette\middleware\cors.py", line 93, in __call__
    await self.simple_response(scope, receive, send, request_headers=headers)
  File "C:\ijhwang\숨고\김나경님\knh\venv\Lib\site-packages\starlette\middleware\cors.py", line 144, in simple_response
    await self.app(scope, receive, send)
  File "C:\ijhwang\숨고\김나경님\knh\venv\Lib\site-packages\starlette\middleware\exceptions.py", line 63, in __call__
    await wrap_app_handling_exceptions(self.app, conn)(scope, receive, send)
  File "C:\ijhwang\숨고\김나경님\knh\venv\Lib\site-packages\starlette\_exception_handler.py", line 53, in wrapped_app
    raise exc
  File "C:\ijhwang\숨고\김나경님\knh\venv\Lib\site-packages\starlette\_exception_handler.py", line 42, in wrapped_app
    await app(scope, receive, sender)
  File "C:\ijhwang\숨고\김나경님\knh\venv\Lib\site-packages\fastapi\middleware\asyncexitstack.py", line 18, in __call__
    await self.app(scope, receive, send)
  File "C:\ijhwang\숨고\김나경님\knh\venv\Lib\site-packages\starlette\routing.py", line 716, in __call__
    await self.middleware_stack(scope, receive, send)
  File "C:\ijhwang\숨고\김나경님\knh\venv\Lib\site-packages\starlette\routing.py", line 736, in app
    await route.handle(scope, receive, send)
  File "C:\ijhwang\숨고\김나경님\knh\venv\Lib\site-packages\starlette\routing.py", line 290, in handle
    await self.app(scope, receive, send)
  File "C:\ijhwang\숨고\김나경님\knh\venv\Lib\site-packages\fastapi\routing.py", line 119, in app
    await wrap_app_handling_exceptions(app, request)(scope, receive, send)
  File "C:\ijhwang\숨고\김나경님\knh\venv\Lib\site-packages\starlette\_exception_handler.py", line 53, in wrapped_app
    raise exc
  File "C:\ijhwang\숨고\김나경님\knh\venv\Lib\site-packages\starlette\_exception_handler.py", line 42, in wrapped_app
    await app(scope, receive, sender)
  File "C:\ijhwang\숨고\김나경님\knh\venv\Lib\site-packages\fastapi\routing.py", line 105, in app
    response = await f(request)
               ^^^^^^^^^^^^^^^^
  File "C:\ijhwang\숨고\김나경님\knh\venv\Lib\site-packages\fastapi\routing.py", line 385, in app
    raw_response = await run_endpoint_function(
                   ^^^^^^^^^^^^^^^^^^^^^^^^^^^^
    ...<3 lines>...
    )
    ^
  File "C:\ijhwang\숨고\김나경님\knh\venv\Lib\site-packages\fastapi\routing.py", line 284, in run_endpoint_function
    return await dependant.call(**values)
           ^^^^^^^^^^^^^^^^^^^^^^^^^^^^^^
  File "C:\ijhwang\숨고\김나경님\knh\app\domains\shaker\routers\shaker_router.py", line 56, in set_orbital_mode
    "moonraker_response": moonraker_response
                          ^^^^^^^^^^^^^^^^^^
NameError: name 'moonraker_response' is not defined
2025-12-30 21:53:25 - [no-trace] - app.handlers.exception_handlers - ERROR - ❌ Unhandled Exception: NameError - name 'moonraker_response' is not defined
Traceback (most recent call last):
  File "C:\ijhwang\숨고\김나경님\knh\venv\Lib\site-packages\starlette\middleware\errors.py", line 164, in __call__
    await self.app(scope, receive, _send)
  File "C:\ijhwang\숨고\김나경님\knh\venv\Lib\site-packages\starlette\middleware\base.py", line 191, in __call__
    with recv_stream, send_stream, collapse_excgroups():
                                   ~~~~~~~~~~~~~~~~~~^^
  File "C:\Users\ijhwang\AppData\Local\Programs\Python\Python314\Lib\contextlib.py", line 162, in __exit__
    self.gen.throw(value)
    ~~~~~~~~~~~~~~^^^^^^^
  File "C:\ijhwang\숨고\김나경님\knh\venv\Lib\site-packages\starlette\_utils.py", line 85, in collapse_excgroups
    raise exc
  File "C:\ijhwang\숨고\김나경님\knh\venv\Lib\site-packages\starlette\middleware\base.py", line 193, in __call__
    response = await self.dispatch_func(request, call_next)
               ^^^^^^^^^^^^^^^^^^^^^^^^^^^^^^^^^^^^^^^^^^^^
  File "C:\ijhwang\숨고\김나경님\knh\app\middleware\logging_middleware.py", line 26, in dispatch
    response = await call_next(request)
               ^^^^^^^^^^^^^^^^^^^^^^^^
  File "C:\ijhwang\숨고\김나경님\knh\venv\Lib\site-packages\starlette\middleware\base.py", line 168, in call_next
    raise app_exc from app_exc.__cause__ or app_exc.__context__
  File "C:\ijhwang\숨고\김나경님\knh\venv\Lib\site-packages\starlette\middleware\base.py", line 144, in coro
    await self.app(scope, receive_or_disconnect, send_no_error)
  File "C:\ijhwang\숨고\김나경님\knh\venv\Lib\site-packages\starlette\middleware\cors.py", line 93, in __call__
    await self.simple_response(scope, receive, send, request_headers=headers)
  File "C:\ijhwang\숨고\김나경님\knh\venv\Lib\site-packages\starlette\middleware\cors.py", line 144, in simple_response
    await self.app(scope, receive, send)
  File "C:\ijhwang\숨고\김나경님\knh\venv\Lib\site-packages\starlette\middleware\exceptions.py", line 63, in __call__
    await wrap_app_handling_exceptions(self.app, conn)(scope, receive, send)
  File "C:\ijhwang\숨고\김나경님\knh\venv\Lib\site-packages\starlette\_exception_handler.py", line 53, in wrapped_app
    raise exc
  File "C:\ijhwang\숨고\김나경님\knh\venv\Lib\site-packages\starlette\_exception_handler.py", line 42, in wrapped_app
    await app(scope, receive, sender)
  File "C:\ijhwang\숨고\김나경님\knh\venv\Lib\site-packages\fastapi\middleware\asyncexitstack.py", line 18, in __call__
    await self.app(scope, receive, send)
  File "C:\ijhwang\숨고\김나경님\knh\venv\Lib\site-packages\starlette\routing.py", line 716, in __call__
    await self.middleware_stack(scope, receive, send)
  File "C:\ijhwang\숨고\김나경님\knh\venv\Lib\site-packages\starlette\routing.py", line 736, in app
    await route.handle(scope, receive, send)
  File "C:\ijhwang\숨고\김나경님\knh\venv\Lib\site-packages\starlette\routing.py", line 290, in handle
    await self.app(scope, receive, send)
  File "C:\ijhwang\숨고\김나경님\knh\venv\Lib\site-packages\fastapi\routing.py", line 119, in app
    await wrap_app_handling_exceptions(app, request)(scope, receive, send)
  File "C:\ijhwang\숨고\김나경님\knh\venv\Lib\site-packages\starlette\_exception_handler.py", line 53, in wrapped_app
    raise exc
  File "C:\ijhwang\숨고\김나경님\knh\venv\Lib\site-packages\starlette\_exception_handler.py", line 42, in wrapped_app
    await app(scope, receive, sender)
  File "C:\ijhwang\숨고\김나경님\knh\venv\Lib\site-packages\fastapi\routing.py", line 105, in app
    response = await f(request)
               ^^^^^^^^^^^^^^^^
  File "C:\ijhwang\숨고\김나경님\knh\venv\Lib\site-packages\fastapi\routing.py", line 385, in app
    raw_response = await run_endpoint_function(
                   ^^^^^^^^^^^^^^^^^^^^^^^^^^^^
    ...<3 lines>...
    )
    ^
  File "C:\ijhwang\숨고\김나경님\knh\venv\Lib\site-packages\fastapi\routing.py", line 284, in run_endpoint_function
    return await dependant.call(**values)
           ^^^^^^^^^^^^^^^^^^^^^^^^^^^^^^
  File "C:\ijhwang\숨고\김나경님\knh\app\domains\shaker\routers\shaker_router.py", line 56, in set_orbital_mode
    "moonraker_response": moonraker_response
                          ^^^^^^^^^^^^^^^^^^
NameError: name 'moonraker_response' is not defined
2026-01-07 15:29:36 - [a04c5649-36ab-4820-8ef8-c58546340325] - app.handlers.exception_handlers - ERROR - ❌ Custom Exception: KLIPPER_GCODE_ERROR - G-code 명령 전송 실패
2026-01-07 15:29:47 - [172223c3-b425-43c2-ab53-6f1a8ab29262] - app.handlers.exception_handlers - ERROR - ❌ Custom Exception: KLIPPER_GCODE_ERROR - G-code 명령 전송 실패
